<?xml version="1.0" encoding="UTF-8"?>
<testsuite xmlns:xsi="http://www.w3.org/2001/XMLSchema-instance" xsi:noNamespaceSchemaLocation="https://maven.apache.org/surefire/maven-failsafe-plugin/xsd/failsafe-test-report-3.0.xsd" version="3.0" name="com.mycompany.baches.resources.ObjetoResourceIT" time="5.938" tests="5" errors="0" skipped="0" failures="0">
  <properties>
    <property name="javax.xml.accessExternalSchema" value="all"/>
    <property name="env.KDE_SESSION_VERSION" value="5"/>
    <property name="awt.toolkit" value="sun.awt.X11.XToolkit"/>
    <property name="jdk.tls.rejectClientInitiatedRenegotiation" value="true"/>
    <property name="java.specification.version" value="11"/>
    <property name="jdk.corba.allowOutputStreamSubclass" value="true"/>
    <property name="env.GTK_RC_FILES" value="/etc/gtk/gtkrc:/home/crisagui/.gtkrc:/home/crisagui/.config/gtkrc"/>
    <property name="arquillian.launch" value="payara-embedded-all"/>
    <property name="sun.cpu.isalist" value=""/>
    <property name="javax.net.ssl.trustStorePassword" value="changeit"/>
    <property name="sun.jnu.encoding" value="UTF-8"/>
    <property name="com.sun.aas.installRoot" value="/tmp/gfembed835867623391004339tmp"/>
    <property name="sun.arch.data.model" value="64"/>
    <property name="sun.font.fontmanager" value="sun.awt.X11FontManager"/>
    <property name="java.vendor.url" value="https://tracker.debian.org/openjdk-11"/>
    <property name="com.sun.aas.productRoot" value="/tmp"/>
    <property name="catalina.useNaming" value="false"/>
    <property name="org.omg.CORBA.ORBSingletonClass" value="com.sun.corba.ee.impl.orb.ORBSingleton"/>
    <property name="sun.boot.library.path" value="/usr/lib/jvm/java-11-openjdk-amd64/lib"/>
    <property name="sun.java.command" value="/home/crisagui/NetBeansProjects/Baches/target/surefire/surefirebooter6300054079245067502.jar /home/crisagui/NetBeansProjects/Baches/target/surefire 2022-05-08T20-30-54_992-jvmRun1 surefire5534081983766306136tmp surefire_013569592250857081702tmp"/>
    <property name="jdk.debug" value="release"/>
    <property name="env.SSH_AGENT_PID" value="1286"/>
    <property name="java.specification.vendor" value="Oracle Corporation"/>
    <property name="gosh.args" value="--nointeractive"/>
    <property name="java.version.date" value="2022-04-19"/>
    <property name="env.JAVA_HOME" value="/usr/lib/jvm/java-11-openjdk-amd64"/>
    <property name="java.home" value="/usr/lib/jvm/java-11-openjdk-amd64"/>
    <property name="env.J2D_PIXMAPS" value="shared"/>
    <property name="com.sun.enterprise.security.httpsOutboundKeyAlias" value="s1as"/>
    <property name="file.separator" value="/"/>
    <property name="basedir" value="/home/crisagui/NetBeansProjects/Baches"/>
    <property name="org.jboss.weld.serialization.beanIdentifierIndexOptimization" value="false"/>
    <property name="java.vm.compressedOopsMode" value="32-bit"/>
    <property name="line.separator" value="&#10;"/>
    <property name="javax.rmi.CORBA.StubClass" value="com.sun.corba.ee.impl.javax.rmi.CORBA.StubDelegateImpl"/>
    <property name="java.specification.name" value="Java Platform API Specification"/>
    <property name="java.vm.specification.vendor" value="Oracle Corporation"/>
    <property name="osgi.shell.telnet.ip" value="127.0.0.1"/>
    <property name="jdk.attach.allowAttachSelf" value="true"/>
    <property name="javax.rmi.CORBA.UtilClass" value="com.sun.corba.ee.impl.javax.rmi.CORBA.Util"/>
    <property name="jdbc.drivers" value="org.h2.Driver"/>
    <property name="javax.net.ssl.trustStore" value="/tmp/gfembed835867623391004339tmp/config/cacerts.jks"/>
    <property name="sun.management.compiler" value="HotSpot 64-Bit Tiered Compilers"/>
    <property name="java.runtime.version" value="11.0.15+10-post-Debian-1deb11u1"/>
    <property name="env.XDG_SESSION_PATH" value="/org/freedesktop/DisplayManager/Session1"/>
    <property name="user.name" value="crisagui"/>
    <property name="env.PATH" value="/usr/local/bin:/usr/bin:/bin:/usr/local/games:/usr/games"/>
    <property name="env.NB_EXEC_MAVEN_PROCESS_UUID" value="3f06b37f-59d0-4f26-89dc-2479ef15bd6a"/>
    <property name="felix.fileinstall.poll" value="5000"/>
    <property name="java.security.policy" value="/tmp/gfembed835867623391004339tmp/config/server.policy"/>
    <property name="env.LOGNAME" value="crisagui"/>
    <property name="env.XDG_SEAT" value="seat0"/>
    <property name="com.sun.enterprise.config.config_environment_factory_class" value="com.sun.enterprise.config.serverbeans.AppserverConfigEnvironmentFactory"/>
    <property name="felix.fileinstall.log.level" value="2"/>
    <property name="file.encoding" value="UTF-8"/>
    <property name="com.sun.aas.imqLib" value="/tmp/gfembed835867623391004339tmp/lib/install/applications/jmsra"/>
    <property name="env.XDG_VTNR" value="7"/>
    <property name="env._" value="/usr/lib/jvm/java-11-openjdk-amd64/bin/java"/>
    <property name="env.XDG_SESSION_DESKTOP" value="KDE"/>
    <property name="env.SHLVL" value="0"/>
    <property name="com.sun.enterprise.jaccprovider.property.repository" value="/tmp/gfembed835867623391004339tmp/generated/policy"/>
    <property name="localRepository" value="/home/crisagui/.m2/repository"/>
    <property name="env.XCURSOR_THEME" value="breeze_cursors"/>
    <property name="java.io.tmpdir" value="/tmp"/>
    <property name="env.XCURSOR_SIZE" value="24"/>
    <property name="java.version" value="11.0.15"/>
    <property name="env.SSH_AUTH_SOCK" value="/tmp/ssh-CP13LZLTLvK8/agent.1237"/>
    <property name="env.XDG_RUNTIME_DIR" value="/run/user/1000"/>
    <property name="java.vm.specification.name" value="Java Virtual Machine Specification"/>
    <property name="com.sun.aas.instanceRoot" value="/tmp/gfembed835867623391004339tmp"/>
    <property name="java.awt.printerjob" value="sun.print.PSPrinterJob"/>
    <property name="sun.os.patch.level" value="unknown"/>
    <property name="env.KDE_FULL_SESSION" value="true"/>
    <property name="java.library.path" value="/usr/java/packages/lib:/usr/lib/x86_64-linux-gnu/jni:/lib/x86_64-linux-gnu:/usr/lib/x86_64-linux-gnu:/usr/lib/jni:/lib:/usr/lib"/>
    <property name="java.vendor" value="Debian"/>
    <property name="env.XDG_SESSION_TYPE" value="x11"/>
    <property name="ANTLR_USE_DIRECT_CLASS_LOADING" value="true"/>
    <property name="java.rmi.server.randomIDs" value="true"/>
    <property name="sun.io.unicode.encoding" value="UnicodeLittle"/>
    <property name="env.XDG_SESSION_CLASS" value="user"/>
    <property name="env.XAUTHORITY" value="/home/crisagui/.Xauthority"/>
    <property name="env.OLDPWD" value="/home/crisagui/NetBeansProjects/Baches"/>
    <property name="env.PWD" value="/home/crisagui/NetBeansProjects/Baches"/>
    <property name="env.LANG" value="es_SV.UTF-8"/>
    <property name="env.SESSION_MANAGER" value="local/Notebook:@/tmp/.ICE-unix/1399,unix/Notebook:/tmp/.ICE-unix/1399"/>
    <property name="felix.fileinstall.dir" value="/tmp/gfembed835867623391004339tmp/modules/autostart/"/>
    <property name="java.class.path" value="/home/crisagui/NetBeansProjects/Baches/target/test-classes:/home/crisagui/NetBeansProjects/Baches/target/classes:/home/crisagui/.m2/repository/org/junit/jupiter/junit-jupiter-api/5.6.0/junit-jupiter-api-5.6.0.jar:/home/crisagui/.m2/repository/org/apiguardian/apiguardian-api/1.1.0/apiguardian-api-1.1.0.jar:/home/crisagui/.m2/repository/org/opentest4j/opentest4j/1.2.0/opentest4j-1.2.0.jar:/home/crisagui/.m2/repository/org/junit/platform/junit-platform-commons/1.6.0/junit-platform-commons-1.6.0.jar:/home/crisagui/.m2/repository/org/junit/jupiter/junit-jupiter-params/5.6.0/junit-jupiter-params-5.6.0.jar:/home/crisagui/.m2/repository/org/junit/jupiter/junit-jupiter-engine/5.6.0/junit-jupiter-engine-5.6.0.jar:/home/crisagui/.m2/repository/org/junit/platform/junit-platform-engine/1.6.0/junit-platform-engine-1.6.0.jar:/home/crisagui/.m2/repository/javax/javaee-api/8.0/javaee-api-8.0.jar:/home/crisagui/.m2/repository/com/sun/mail/javax.mail/1.6.0/javax.mail-1.6.0.jar:/home/crisagui/.m2/repository/javax/activation/activation/1.1/activation-1.1.jar:/home/crisagui/.m2/repository/org/mockito/mockito-core/3.1.0/mockito-core-3.1.0.jar:/home/crisagui/.m2/repository/net/bytebuddy/byte-buddy/1.9.10/byte-buddy-1.9.10.jar:/home/crisagui/.m2/repository/net/bytebuddy/byte-buddy-agent/1.9.10/byte-buddy-agent-1.9.10.jar:/home/crisagui/.m2/repository/org/objenesis/objenesis/2.6/objenesis-2.6.jar:/home/crisagui/.m2/repository/org/jboss/arquillian/junit5/arquillian-junit5-container/1.7.0.Alpha10/arquillian-junit5-container-1.7.0.Alpha10.jar:/home/crisagui/.m2/repository/org/jboss/arquillian/test/arquillian-test-api/1.7.0.Alpha10/arquillian-test-api-1.7.0.Alpha10.jar:/home/crisagui/.m2/repository/org/jboss/arquillian/core/arquillian-core-api/1.7.0.Alpha10/arquillian-core-api-1.7.0.Alpha10.jar:/home/crisagui/.m2/repository/org/jboss/arquillian/test/arquillian-test-spi/1.7.0.Alpha10/arquillian-test-spi-1.7.0.Alpha10.jar:/home/crisagui/.m2/repository/org/jboss/arquillian/core/arquillian-core-spi/1.7.0.Alpha10/arquillian-core-spi-1.7.0.Alpha10.jar:/home/crisagui/.m2/repository/org/jboss/arquillian/container/arquillian-container-test-api/1.7.0.Alpha10/arquillian-container-test-api-1.7.0.Alpha10.jar:/home/crisagui/.m2/repository/org/jboss/shrinkwrap/shrinkwrap-api/1.2.6/shrinkwrap-api-1.2.6.jar:/home/crisagui/.m2/repository/org/jboss/shrinkwrap/descriptors/shrinkwrap-descriptors-api-base/2.0.0/shrinkwrap-descriptors-api-base-2.0.0.jar:/home/crisagui/.m2/repository/org/jboss/arquillian/container/arquillian-container-test-spi/1.7.0.Alpha10/arquillian-container-test-spi-1.7.0.Alpha10.jar:/home/crisagui/.m2/repository/org/jboss/arquillian/core/arquillian-core-impl-base/1.7.0.Alpha10/arquillian-core-impl-base-1.7.0.Alpha10.jar:/home/crisagui/.m2/repository/org/jboss/arquillian/test/arquillian-test-impl-base/1.7.0.Alpha10/arquillian-test-impl-base-1.7.0.Alpha10.jar:/home/crisagui/.m2/repository/org/jboss/arquillian/container/arquillian-container-impl-base/1.7.0.Alpha10/arquillian-container-impl-base-1.7.0.Alpha10.jar:/home/crisagui/.m2/repository/org/jboss/arquillian/config/arquillian-config-api/1.7.0.Alpha10/arquillian-config-api-1.7.0.Alpha10.jar:/home/crisagui/.m2/repository/org/jboss/arquillian/config/arquillian-config-impl-base/1.7.0.Alpha10/arquillian-config-impl-base-1.7.0.Alpha10.jar:/home/crisagui/.m2/repository/org/jboss/arquillian/config/arquillian-config-spi/1.7.0.Alpha10/arquillian-config-spi-1.7.0.Alpha10.jar:/home/crisagui/.m2/repository/org/jboss/shrinkwrap/descriptors/shrinkwrap-descriptors-spi/2.0.0/shrinkwrap-descriptors-spi-2.0.0.jar:/home/crisagui/.m2/repository/org/jboss/arquillian/container/arquillian-container-test-impl-base/1.7.0.Alpha10/arquillian-container-test-impl-base-1.7.0.Alpha10.jar:/home/crisagui/.m2/repository/org/jboss/arquillian/junit5/arquillian-junit5-core/1.7.0.Alpha10/arquillian-junit5-core-1.7.0.Alpha10.jar:/home/crisagui/.m2/repository/org/jboss/shrinkwrap/shrinkwrap-impl-base/1.2.6/shrinkwrap-impl-base-1.2.6.jar:/home/crisagui/.m2/repository/org/jboss/shrinkwrap/shrinkwrap-spi/1.2.6/shrinkwrap-spi-1.2.6.jar:/home/crisagui/.m2/repository/fish/payara/extras/payara-embedded-all/5.2022.1/payara-embedded-all-5.2022.1.jar:/home/crisagui/.m2/repository/fish/payara/arquillian/arquillian-payara-server-embedded/2.4.6/arquillian-payara-server-embedded-2.4.6.jar:/home/crisagui/.m2/repository/org/jboss/arquillian/container/arquillian-container-spi/1.7.0.Alpha10/arquillian-container-spi-1.7.0.Alpha10.jar:/home/crisagui/.m2/repository/org/jboss/arquillian/protocol/arquillian-protocol-servlet/1.7.0.Alpha10/arquillian-protocol-servlet-1.7.0.Alpha10.jar:/home/crisagui/.m2/repository/org/jboss/arquillian/testenricher/arquillian-testenricher-cdi/1.7.0.Alpha10/arquillian-testenricher-cdi-1.7.0.Alpha10.jar:/home/crisagui/.m2/repository/org/jboss/arquillian/testenricher/arquillian-testenricher-ejb/1.7.0.Alpha10/arquillian-testenricher-ejb-1.7.0.Alpha10.jar:/home/crisagui/.m2/repository/org/jboss/arquillian/testenricher/arquillian-testenricher-resource/1.7.0.Alpha10/arquillian-testenricher-resource-1.7.0.Alpha10.jar:/home/crisagui/.m2/repository/org/jboss/arquillian/testenricher/arquillian-testenricher-initialcontext/1.7.0.Alpha10/arquillian-testenricher-initialcontext-1.7.0.Alpha10.jar:"/>
    <property name="env.HOME" value="/home/crisagui"/>
    <property name="env.PAM_KWALLET5_LOGIN" value="/run/user/1000/kwallet5.socket"/>
    <property name="com.sun.aas.instanceRootURI" value="file:/tmp/gfembed835867623391004339tmp/"/>
    <property name="java.vm.vendor" value="Debian"/>
    <property name="user.timezone" value="America/El_Salvador"/>
    <property name="os.name" value="Linux"/>
    <property name="java.vm.specification.version" value="11"/>
    <property name="env.DISPLAY" value=":0"/>
    <property name="sun.java.launcher" value="SUN_STANDARD"/>
    <property name="user.country" value="SV"/>
    <property name="env.QT_ACCESSIBILITY" value="1"/>
    <property name="org.glassfish.grizzly.DEFAULT_MEMORY_MANAGER" value="org.glassfish.grizzly.memory.HeapMemoryManager"/>
    <property name="surefire.test.class.path" value="/home/crisagui/NetBeansProjects/Baches/target/test-classes:/home/crisagui/NetBeansProjects/Baches/target/classes:/home/crisagui/.m2/repository/org/junit/jupiter/junit-jupiter-api/5.6.0/junit-jupiter-api-5.6.0.jar:/home/crisagui/.m2/repository/org/apiguardian/apiguardian-api/1.1.0/apiguardian-api-1.1.0.jar:/home/crisagui/.m2/repository/org/opentest4j/opentest4j/1.2.0/opentest4j-1.2.0.jar:/home/crisagui/.m2/repository/org/junit/platform/junit-platform-commons/1.6.0/junit-platform-commons-1.6.0.jar:/home/crisagui/.m2/repository/org/junit/jupiter/junit-jupiter-params/5.6.0/junit-jupiter-params-5.6.0.jar:/home/crisagui/.m2/repository/org/junit/jupiter/junit-jupiter-engine/5.6.0/junit-jupiter-engine-5.6.0.jar:/home/crisagui/.m2/repository/org/junit/platform/junit-platform-engine/1.6.0/junit-platform-engine-1.6.0.jar:/home/crisagui/.m2/repository/javax/javaee-api/8.0/javaee-api-8.0.jar:/home/crisagui/.m2/repository/com/sun/mail/javax.mail/1.6.0/javax.mail-1.6.0.jar:/home/crisagui/.m2/repository/javax/activation/activation/1.1/activation-1.1.jar:/home/crisagui/.m2/repository/org/mockito/mockito-core/3.1.0/mockito-core-3.1.0.jar:/home/crisagui/.m2/repository/net/bytebuddy/byte-buddy/1.9.10/byte-buddy-1.9.10.jar:/home/crisagui/.m2/repository/net/bytebuddy/byte-buddy-agent/1.9.10/byte-buddy-agent-1.9.10.jar:/home/crisagui/.m2/repository/org/objenesis/objenesis/2.6/objenesis-2.6.jar:/home/crisagui/.m2/repository/org/jboss/arquillian/junit5/arquillian-junit5-container/1.7.0.Alpha10/arquillian-junit5-container-1.7.0.Alpha10.jar:/home/crisagui/.m2/repository/org/jboss/arquillian/test/arquillian-test-api/1.7.0.Alpha10/arquillian-test-api-1.7.0.Alpha10.jar:/home/crisagui/.m2/repository/org/jboss/arquillian/core/arquillian-core-api/1.7.0.Alpha10/arquillian-core-api-1.7.0.Alpha10.jar:/home/crisagui/.m2/repository/org/jboss/arquillian/test/arquillian-test-spi/1.7.0.Alpha10/arquillian-test-spi-1.7.0.Alpha10.jar:/home/crisagui/.m2/repository/org/jboss/arquillian/core/arquillian-core-spi/1.7.0.Alpha10/arquillian-core-spi-1.7.0.Alpha10.jar:/home/crisagui/.m2/repository/org/jboss/arquillian/container/arquillian-container-test-api/1.7.0.Alpha10/arquillian-container-test-api-1.7.0.Alpha10.jar:/home/crisagui/.m2/repository/org/jboss/shrinkwrap/shrinkwrap-api/1.2.6/shrinkwrap-api-1.2.6.jar:/home/crisagui/.m2/repository/org/jboss/shrinkwrap/descriptors/shrinkwrap-descriptors-api-base/2.0.0/shrinkwrap-descriptors-api-base-2.0.0.jar:/home/crisagui/.m2/repository/org/jboss/arquillian/container/arquillian-container-test-spi/1.7.0.Alpha10/arquillian-container-test-spi-1.7.0.Alpha10.jar:/home/crisagui/.m2/repository/org/jboss/arquillian/core/arquillian-core-impl-base/1.7.0.Alpha10/arquillian-core-impl-base-1.7.0.Alpha10.jar:/home/crisagui/.m2/repository/org/jboss/arquillian/test/arquillian-test-impl-base/1.7.0.Alpha10/arquillian-test-impl-base-1.7.0.Alpha10.jar:/home/crisagui/.m2/repository/org/jboss/arquillian/container/arquillian-container-impl-base/1.7.0.Alpha10/arquillian-container-impl-base-1.7.0.Alpha10.jar:/home/crisagui/.m2/repository/org/jboss/arquillian/config/arquillian-config-api/1.7.0.Alpha10/arquillian-config-api-1.7.0.Alpha10.jar:/home/crisagui/.m2/repository/org/jboss/arquillian/config/arquillian-config-impl-base/1.7.0.Alpha10/arquillian-config-impl-base-1.7.0.Alpha10.jar:/home/crisagui/.m2/repository/org/jboss/arquillian/config/arquillian-config-spi/1.7.0.Alpha10/arquillian-config-spi-1.7.0.Alpha10.jar:/home/crisagui/.m2/repository/org/jboss/shrinkwrap/descriptors/shrinkwrap-descriptors-spi/2.0.0/shrinkwrap-descriptors-spi-2.0.0.jar:/home/crisagui/.m2/repository/org/jboss/arquillian/container/arquillian-container-test-impl-base/1.7.0.Alpha10/arquillian-container-test-impl-base-1.7.0.Alpha10.jar:/home/crisagui/.m2/repository/org/jboss/arquillian/junit5/arquillian-junit5-core/1.7.0.Alpha10/arquillian-junit5-core-1.7.0.Alpha10.jar:/home/crisagui/.m2/repository/org/jboss/shrinkwrap/shrinkwrap-impl-base/1.2.6/shrinkwrap-impl-base-1.2.6.jar:/home/crisagui/.m2/repository/org/jboss/shrinkwrap/shrinkwrap-spi/1.2.6/shrinkwrap-spi-1.2.6.jar:/home/crisagui/.m2/repository/fish/payara/extras/payara-embedded-all/5.2022.1/payara-embedded-all-5.2022.1.jar:/home/crisagui/.m2/repository/fish/payara/arquillian/arquillian-payara-server-embedded/2.4.6/arquillian-payara-server-embedded-2.4.6.jar:/home/crisagui/.m2/repository/org/jboss/arquillian/container/arquillian-container-spi/1.7.0.Alpha10/arquillian-container-spi-1.7.0.Alpha10.jar:/home/crisagui/.m2/repository/org/jboss/arquillian/protocol/arquillian-protocol-servlet/1.7.0.Alpha10/arquillian-protocol-servlet-1.7.0.Alpha10.jar:/home/crisagui/.m2/repository/org/jboss/arquillian/testenricher/arquillian-testenricher-cdi/1.7.0.Alpha10/arquillian-testenricher-cdi-1.7.0.Alpha10.jar:/home/crisagui/.m2/repository/org/jboss/arquillian/testenricher/arquillian-testenricher-ejb/1.7.0.Alpha10/arquillian-testenricher-ejb-1.7.0.Alpha10.jar:/home/crisagui/.m2/repository/org/jboss/arquillian/testenricher/arquillian-testenricher-resource/1.7.0.Alpha10/arquillian-testenricher-resource-1.7.0.Alpha10.jar:/home/crisagui/.m2/repository/org/jboss/arquillian/testenricher/arquillian-testenricher-initialcontext/1.7.0.Alpha10/arquillian-testenricher-initialcontext-1.7.0.Alpha10.jar:"/>
    <property name="sun.cpu.endian" value="little"/>
    <property name="user.home" value="/home/crisagui"/>
    <property name="user.language" value="es"/>
    <property name="javax.rmi.CORBA.PortableRemoteObjectClass" value="com.sun.corba.ee.impl.javax.rmi.PortableRemoteObject"/>
    <property name="felix.fileinstall.bundles.new.start" value="true"/>
    <property name="com.sun.aas.hostName" value="Notebook"/>
    <property name="env.GPG_AGENT_INFO" value="/run/user/1000/gnupg/S.gpg-agent:0:1"/>
    <property name="JMS_PROVIDER_PORT" value="7676"/>
    <property name="env.NB_DESKTOP_STARTUP_ID" value="Notebook;1652029182;338323;1426_TIME202783"/>
    <property name="javax.net.ssl.keyStorePassword" value="changeit"/>
    <property name="java.awt.graphicsenv" value="sun.awt.X11GraphicsEnvironment"/>
    <property name="java.awt.headless" value="true"/>
    <property name="com.ctc.wstx.returnNullForDefaultNamespace" value="true"/>
    <property name="org.omg.CORBA.ORBClass" value="com.sun.corba.ee.impl.orb.ORBImpl"/>
    <property name="surefire.real.class.path" value="/home/crisagui/NetBeansProjects/Baches/target/surefire/surefirebooter6300054079245067502.jar"/>
    <property name="eclipselink.security.usedoprivileged" value="true"/>
    <property name="env.LANGUAGE" value="es_SV:es"/>
    <property name="env.DBUS_SESSION_BUS_ADDRESS" value="unix:path=/run/user/1000/bus"/>
    <property name="com.sun.aas.instanceName" value="server"/>
    <property name="org.glassfish.additionalOSGiBundlesToStart" value="org.apache.felix.shell,org.apache.felix.gogo.runtime,org.apache.felix.gogo.shell,org.apache.felix.gogo.command,org.apache.felix.shell.remote,org.apache.felix.fileinstall"/>
    <property name="path.separator" value=":"/>
    <property name="os.version" value="5.16.14"/>
    <property name="com.sun.aas.installRootURI" value="file:/tmp/gfembed835867623391004339tmp/"/>
    <property name="java.endorsed.dirs" value="/tmp/gfembed835867623391004339tmp/modules/endorsed:/tmp/gfembed835867623391004339tmp/lib/endorsed"/>
    <property name="java.runtime.name" value="OpenJDK Runtime Environment"/>
    <property name="env.XDG_SESSION_ID" value="3"/>
    <property name="osgi.shell.telnet.maxconn" value="1"/>
    <property name="felix.fileinstall.bundles.startTransient" value="true"/>
    <property name="com.sun.aas.configRoot" value="/tmp/gfembed835867623391004339tmp/config"/>
    <property name="java.vm.name" value="OpenJDK 64-Bit Server VM"/>
    <property name="env.KDE_SESSION_UID" value="1000"/>
    <property name="env.KDE_APPLICATIONS_AS_SCOPE" value="1"/>
    <property name="env.SHELL" value="/bin/bash"/>
    <property name="com.sun.aas.javaRoot" value="/usr/lib/jvm/java-11-openjdk-amd64"/>
    <property name="maven.ext.class.path" value="/home/crisagui/netbeans-12.6/netbeans/java/maven-nblib/netbeans-eventspy.jar"/>
    <property name="javax.net.ssl.keyStore" value="/tmp/gfembed835867623391004339tmp/config/keystore.jks"/>
    <property name="env.XDG_SEAT_PATH" value="/org/freedesktop/DisplayManager/Seat0"/>
    <property name="env.GTK_MODULES" value="gail:atk-bridge"/>
    <property name="java.security.auth.login.config" value="/tmp/gfembed835867623391004339tmp/config/login.conf"/>
    <property name="felix.fileinstall.disableConfigSave" value="false"/>
    <property name="env.MAVEN_CMD_LINE_ARGS" value=" -Dmaven.ext.class.path=/home/crisagui/netbeans-12.6/netbeans/java/maven-nblib/netbeans-eventspy.jar install"/>
    <property name="java.vendor.url.bug" value="https://bugs.debian.org/openjdk-11"/>
    <property name="env.M2_HOME" value="/home/crisagui/netbeans-12.6/netbeans/java/maven"/>
    <property name="catalina.home" value="/tmp/gfembed835867623391004339tmp"/>
    <property name="user.dir" value="/home/crisagui/NetBeansProjects/Baches"/>
    <property name="os.arch" value="amd64"/>
    <property name="javax.management.builder.initial" value="com.sun.enterprise.v3.admin.AppServerMBeanServerBuilder"/>
    <property name="osgi.shell.telnet.port" value="6666"/>
    <property name="catalina.base" value="/tmp/gfembed835867623391004339tmp"/>
    <property name="env.DESKTOP_SESSION" value="plasma"/>
    <property name="env.XDG_CURRENT_DESKTOP" value="KDE"/>
    <property name="env.MAVEN_PROJECTBASEDIR" value="/home/crisagui/NetBeansProjects/Baches"/>
    <property name="glassfish.version" value="Undefined Product Name - define product and version info in config/branding  0.0.0  (build 0)"/>
    <property name="java.vm.info" value="mixed mode, sharing"/>
    <property name="java.vm.version" value="11.0.15+10-post-Debian-1deb11u1"/>
    <property name="javax.security.jacc.PolicyConfigurationFactory.provider" value="com.sun.enterprise.security.provider.PolicyConfigurationFactoryImpl"/>
    <property name="java.ext.dirs" value="/usr/lib/jvm/java-11-openjdk-amd64/lib/ext:/usr/lib/jvm/java-11-openjdk-amd64/jre/lib/ext:/tmp/gfembed835867623391004339tmp/lib/ext"/>
    <property name="env.GTK2_RC_FILES" value="/etc/gtk-2.0/gtkrc:/home/crisagui/.gtkrc-2.0:/home/crisagui/.config/gtkrc-2.0"/>
    <property name="java.class.version" value="55.0"/>
    <property name="env.USER" value="crisagui"/>
    <property name="org.glassfish.grizzly.nio.DefaultSelectorHandler.force-selector-spin-detection" value="true"/>
    <property name="env.QT_AUTO_SCREEN_SCALE_FACTOR" value="0"/>
  </properties>
  <testcase name="testFindAll" classname="com.mycompany.baches.resources.ObjetoResourceIT" time="0.293">
    <system-out><![CDATA[8bb2e0c0-e565-453a-82eb-0f93d0b7f67c.war:
/WEB-INF/
/WEB-INF/classes/
/WEB-INF/classes/com/
/WEB-INF/classes/com/mycompany/
/WEB-INF/classes/com/mycompany/baches/
/WEB-INF/classes/com/mycompany/baches/entity/
/WEB-INF/classes/com/mycompany/baches/entity/resources/
/WEB-INF/classes/com/mycompany/baches/entity/resources/ObjetoEstado.class
/WEB-INF/classes/com/mycompany/baches/entity/resources/TipoObjeto.class
/WEB-INF/classes/com/mycompany/baches/entity/resources/Objeto.class
/WEB-INF/classes/com/mycompany/baches/entity/resources/Estado.class
/WEB-INF/classes/com/mycompany/baches/entity/resources/Ruta.class
/WEB-INF/classes/com/mycompany/baches/control/
/WEB-INF/classes/com/mycompany/baches/control/AbstractDataAcces.class
/WEB-INF/classes/com/mycompany/baches/control/ObjetoBean.class
/WEB-INF/classes/com/mycompany/baches/configuration/
/WEB-INF/classes/com/mycompany/baches/configuration/JakartaRestConfiguration.class
/WEB-INF/classes/com/mycompany/baches/configuration/ObjetoResource.class
/WEB-INF/classes/persistence-arquillian.xml
/WEB-INF/classes/META-INF/
/WEB-INF/classes/META-INF/persistence.xml
/WEB-INF/classes/META-INF/sql/
/WEB-INF/classes/META-INF/sql/datos.sql
/WEB-INF/beans.xml
2022-05-08 20:32:07 jdbc[3]: 
/**/conn0.getClientInfo();
2022-05-08 20:32:07 jdbc[3]: 
/**/DatabaseMetaData dbMeta7 = conn0.getMetaData();
2022-05-08 20:32:07 jdbc[3]: 
/**/dbMeta7.getDatabaseProductName();
2022-05-08 20:32:07 jdbc[3]: 
/**/dbMeta7.getDatabaseProductVersion();
2022-05-08 20:32:07 jdbc[3]: 
/**/dbMeta7.getDatabaseMajorVersion();
2022-05-08 20:32:07 jdbc[3]: 
/**/DatabaseMetaData dbMeta8 = conn0.getMetaData();
2022-05-08 20:32:07 jdbc[3]: 
/**/dbMeta8.getDriverName();
2022-05-08 20:32:07 jdbc[3]: 
/**/conn0.setClientInfo(properties);
2022-05-08 20:32:07 jdbc[3]: 
/**/conn0.getClientInfo();
2022-05-08 20:32:07 jdbc[3]: 
/**/conn0.setClientInfo(properties);
2022-05-08 20:32:07 jdbc[3]: 
/**/conn0.getClientInfo();
2022-05-08 20:32:07 jdbc[3]: 
/**/conn0.setClientInfo(properties);
2022-05-08 20:32:08 jdbc[3]: 
/**/conn0.getClientInfo();
2022-05-08 20:32:08 jdbc[3]: 
/**/PreparedStatement prep109 = conn0.prepareStatement("SELECT 1 FROM public.estado", 1003, 1007);
2022-05-08 20:32:08 jdbc[3]: Plan       : calculate cost for plan [PUBLIC.ESTADO]
2022-05-08 20:32:08 jdbc[3]: Plan       :   for table filter PUBLIC.ESTADO
2022-05-08 20:32:08 jdbc[3]: Table      :     potential plan item cost 10,290 index PUBLIC.ESTADO.tableScan
2022-05-08 20:32:08 jdbc[3]: Table      :     potential plan item cost 10,300 index PUBLIC.PRIMARY_KEY_7
2022-05-08 20:32:08 jdbc[3]: Plan       :   best plan item cost 10,290 index PUBLIC.ESTADO.tableScan
2022-05-08 20:32:08 jdbc[3]: Plan       : plan cost 10,291
2022-05-08 20:32:08 jdbc[3]: 
/**/prep109.setMaxRows(1);
2022-05-08 20:32:08 jdbc[3]: 
/**/ResultSet rs39 = prep109.executeQuery();
2022-05-08 20:32:08 jdbc[3]: 
/*SQL #:1*/SELECT 1 FROM public.estado;
2022-05-08 20:32:08 jdbc[3]: 
/**/ResultSetMetaData rsMeta47 = rs39.getMetaData();
2022-05-08 20:32:08 jdbc[3]: 
/**/conn0.getCatalog();
2022-05-08 20:32:08 jdbc[3]: 
/**/rsMeta47.getColumnCount();
2022-05-08 20:32:08 jdbc[3]: 
/**/rsMeta47.getColumnCount();
2022-05-08 20:32:08 jdbc[3]: 
/**/rsMeta47.getColumnLabel(1);
2022-05-08 20:32:08 jdbc[3]: 
/**/rsMeta47.getColumnCount();
2022-05-08 20:32:08 jdbc[3]: 
/**/ResultSetMetaData rsMeta48 = rs39.getMetaData();
2022-05-08 20:32:08 jdbc[3]: 
/**/conn0.getCatalog();
2022-05-08 20:32:08 jdbc[3]: 
/**/rsMeta48.getColumnCount();
2022-05-08 20:32:08 jdbc[3]: 
/**/rs39.next();
2022-05-08 20:32:08 jdbc[3]: 
/**/rsMeta48.getColumnType(1);
2022-05-08 20:32:08 jdbc[3]: 
/**/rs39.getObject(1);
2022-05-08 20:32:08 jdbc[3]: 
/**/rs39.next();
2022-05-08 20:32:08 jdbc[3]: 
/**/rs39.close();
2022-05-08 20:32:08 jdbc[3]: 
/**/prep109.close();
2022-05-08 20:32:08 jdbc[3]: 
/**/conn0.setClientInfo(properties);
2022-05-08 20:32:08 jdbc[3]: 
/**/conn0.getClientInfo();
2022-05-08 20:32:08 jdbc[3]: 
/**/PreparedStatement prep110 = conn0.prepareStatement("SELECT 1 FROM public.objeto", 1003, 1007);
2022-05-08 20:32:08 jdbc[3]: Plan       : calculate cost for plan [PUBLIC.OBJETO]
2022-05-08 20:32:08 jdbc[3]: Plan       :   for table filter PUBLIC.OBJETO
2022-05-08 20:32:08 jdbc[3]: Table      :     potential plan item cost 10,290 index PUBLIC.OBJETO.tableScan
2022-05-08 20:32:08 jdbc[3]: Table      :     potential plan item cost 10,300 index PUBLIC.PRIMARY_KEY_8
2022-05-08 20:32:08 jdbc[3]: Table      :     potential plan item cost 10,110 index PUBLIC.FK_OBJETO_ID_TIPO_OBJETO_INDEX_8
2022-05-08 20:32:08 jdbc[3]: Plan       :   best plan item cost 10,110 index PUBLIC.FK_OBJETO_ID_TIPO_OBJETO_INDEX_8
2022-05-08 20:32:08 jdbc[3]: Plan       : plan cost 10,111
2022-05-08 20:32:08 jdbc[3]: 
/**/prep110.setMaxRows(1);
2022-05-08 20:32:08 jdbc[3]: 
/**/ResultSet rs40 = prep110.executeQuery();
2022-05-08 20:32:08 jdbc[3]: 
/*SQL #:1*/SELECT 1 FROM public.objeto;
2022-05-08 20:32:08 jdbc[3]: 
/**/ResultSetMetaData rsMeta49 = rs40.getMetaData();
2022-05-08 20:32:08 jdbc[3]: 
/**/conn0.getCatalog();
2022-05-08 20:32:08 jdbc[3]: 
/**/rsMeta49.getColumnCount();
2022-05-08 20:32:08 jdbc[3]: 
/**/rsMeta49.getColumnCount();
2022-05-08 20:32:08 jdbc[3]: 
/**/rsMeta49.getColumnLabel(1);
2022-05-08 20:32:08 jdbc[3]: 
/**/rsMeta49.getColumnCount();
2022-05-08 20:32:08 jdbc[3]: 
/**/ResultSetMetaData rsMeta50 = rs40.getMetaData();
2022-05-08 20:32:08 jdbc[3]: 
/**/conn0.getCatalog();
2022-05-08 20:32:08 jdbc[3]: 
/**/rsMeta50.getColumnCount();
2022-05-08 20:32:08 jdbc[3]: 
/**/rs40.next();
2022-05-08 20:32:08 jdbc[3]: 
/**/rsMeta50.getColumnType(1);
2022-05-08 20:32:08 jdbc[3]: 
/**/rs40.getObject(1);
2022-05-08 20:32:08 jdbc[3]: 
/**/rs40.next();
2022-05-08 20:32:08 jdbc[3]: 
/**/rs40.close();
2022-05-08 20:32:08 jdbc[3]: 
/**/prep110.close();
2022-05-08 20:32:08 jdbc[3]: 
/**/conn0.setClientInfo(properties);
2022-05-08 20:32:08 jdbc[3]: 
/**/conn0.getClientInfo();
2022-05-08 20:32:08 jdbc[3]: 
/**/PreparedStatement prep111 = conn0.prepareStatement("SELECT 1 FROM public.objeto_estado", 1003, 1007);
2022-05-08 20:32:08 jdbc[3]: Plan       : calculate cost for plan [PUBLIC.OBJETO_ESTADO]
2022-05-08 20:32:08 jdbc[3]: Plan       :   for table filter PUBLIC.OBJETO_ESTADO
2022-05-08 20:32:08 jdbc[3]: Table      :     potential plan item cost 10,290 index PUBLIC.OBJETO_ESTADO.tableScan
2022-05-08 20:32:08 jdbc[3]: Table      :     potential plan item cost 10,300 index PUBLIC.PRIMARY_KEY_4
2022-05-08 20:32:08 jdbc[3]: Table      :     potential plan item cost 10,110 index PUBLIC.FK_OBJETO_ESTADO_ID_OBJETO_INDEX_4
2022-05-08 20:32:08 jdbc[3]: Table      :     potential plan item cost 10,110 index PUBLIC.FK_OBJETO_ESTADO_ID_ESTADO_INDEX_4
2022-05-08 20:32:08 jdbc[3]: Plan       :   best plan item cost 10,110 index PUBLIC.FK_OBJETO_ESTADO_ID_OBJETO_INDEX_4
2022-05-08 20:32:08 jdbc[3]: Plan       : plan cost 10,111
2022-05-08 20:32:08 jdbc[3]: 
/**/prep111.setMaxRows(1);
2022-05-08 20:32:08 jdbc[3]: 
/**/ResultSet rs41 = prep111.executeQuery();
2022-05-08 20:32:08 jdbc[3]: 
/*SQL #:1*/SELECT 1 FROM public.objeto_estado;
2022-05-08 20:32:08 jdbc[3]: 
/**/ResultSetMetaData rsMeta51 = rs41.getMetaData();
2022-05-08 20:32:08 jdbc[3]: 
/**/conn0.getCatalog();
2022-05-08 20:32:08 jdbc[3]: 
/**/rsMeta51.getColumnCount();
2022-05-08 20:32:08 jdbc[3]: 
/**/rsMeta51.getColumnCount();
2022-05-08 20:32:08 jdbc[3]: 
/**/rsMeta51.getColumnLabel(1);
2022-05-08 20:32:08 jdbc[3]: 
/**/rsMeta51.getColumnCount();
2022-05-08 20:32:08 jdbc[3]: 
/**/ResultSetMetaData rsMeta52 = rs41.getMetaData();
2022-05-08 20:32:08 jdbc[3]: 
/**/conn0.getCatalog();
2022-05-08 20:32:08 jdbc[3]: 
/**/rsMeta52.getColumnCount();
2022-05-08 20:32:08 jdbc[3]: 
/**/rs41.next();
2022-05-08 20:32:08 jdbc[3]: 
/**/rsMeta52.getColumnType(1);
2022-05-08 20:32:08 jdbc[3]: 
/**/rs41.getObject(1);
2022-05-08 20:32:08 jdbc[3]: 
/**/rs41.next();
2022-05-08 20:32:08 jdbc[3]: 
/**/rs41.close();
2022-05-08 20:32:08 jdbc[3]: 
/**/prep111.close();
2022-05-08 20:32:08 jdbc[3]: 
/**/conn0.setClientInfo(properties);
2022-05-08 20:32:08 jdbc[3]: 
/**/conn0.getClientInfo();
2022-05-08 20:32:08 jdbc[3]: 
/**/PreparedStatement prep112 = conn0.prepareStatement("SELECT 1 FROM public.ruta", 1003, 1007);
2022-05-08 20:32:08 jdbc[3]: Plan       : calculate cost for plan [PUBLIC.RUTA]
2022-05-08 20:32:08 jdbc[3]: Plan       :   for table filter PUBLIC.RUTA
2022-05-08 20:32:08 jdbc[3]: Table      :     potential plan item cost 10,300 index PUBLIC.RUTA.tableScan
2022-05-08 20:32:08 jdbc[3]: Table      :     potential plan item cost 10,310 index PUBLIC.PRIMARY_KEY_2
2022-05-08 20:32:08 jdbc[3]: Plan       :   best plan item cost 10,300 index PUBLIC.RUTA.tableScan
2022-05-08 20:32:08 jdbc[3]: Plan       : plan cost 10,301
2022-05-08 20:32:08 jdbc[3]: 
/**/prep112.setMaxRows(1);
2022-05-08 20:32:08 jdbc[3]: 
/**/ResultSet rs42 = prep112.executeQuery();
2022-05-08 20:32:08 jdbc[3]: 
/*SQL #:1*/SELECT 1 FROM public.ruta;
2022-05-08 20:32:08 jdbc[3]: 
/**/ResultSetMetaData rsMeta53 = rs42.getMetaData();
2022-05-08 20:32:08 jdbc[3]: 
/**/conn0.getCatalog();
2022-05-08 20:32:08 jdbc[3]: 
/**/rsMeta53.getColumnCount();
2022-05-08 20:32:08 jdbc[3]: 
/**/rsMeta53.getColumnCount();
2022-05-08 20:32:08 jdbc[3]: 
/**/rsMeta53.getColumnLabel(1);
2022-05-08 20:32:08 jdbc[3]: 
/**/rsMeta53.getColumnCount();
2022-05-08 20:32:08 jdbc[3]: 
/**/ResultSetMetaData rsMeta54 = rs42.getMetaData();
2022-05-08 20:32:08 jdbc[3]: 
/**/conn0.getCatalog();
2022-05-08 20:32:08 jdbc[3]: 
/**/rsMeta54.getColumnCount();
2022-05-08 20:32:08 jdbc[3]: 
/**/rs42.next();
2022-05-08 20:32:08 jdbc[3]: 
/**/rsMeta54.getColumnType(1);
2022-05-08 20:32:08 jdbc[3]: 
/**/rs42.getObject(1);
2022-05-08 20:32:08 jdbc[3]: 
/**/rs42.next();
2022-05-08 20:32:08 jdbc[3]: 
/**/rs42.close();
2022-05-08 20:32:08 jdbc[3]: 
/**/prep112.close();
2022-05-08 20:32:08 jdbc[3]: 
/**/conn0.setClientInfo(properties);
2022-05-08 20:32:08 jdbc[3]: 
/**/conn0.getClientInfo();
2022-05-08 20:32:08 jdbc[3]: 
/**/PreparedStatement prep113 = conn0.prepareStatement("SELECT 1 FROM public.tipo_objeto", 1003, 1007);
2022-05-08 20:32:08 jdbc[3]: Plan       : calculate cost for plan [PUBLIC.TIPO_OBJETO]
2022-05-08 20:32:08 jdbc[3]: Plan       :   for table filter PUBLIC.TIPO_OBJETO
2022-05-08 20:32:08 jdbc[3]: Table      :     potential plan item cost 10,320 index PUBLIC.TIPO_OBJETO.tableScan
2022-05-08 20:32:08 jdbc[3]: Table      :     potential plan item cost 10,330 index PUBLIC.PRIMARY_KEY_1
2022-05-08 20:32:08 jdbc[3]: Plan       :   best plan item cost 10,320 index PUBLIC.TIPO_OBJETO.tableScan
2022-05-08 20:32:08 jdbc[3]: Plan       : plan cost 10,321
2022-05-08 20:32:08 jdbc[3]: 
/**/prep113.setMaxRows(1);
2022-05-08 20:32:08 jdbc[3]: 
/**/ResultSet rs43 = prep113.executeQuery();
2022-05-08 20:32:08 jdbc[3]: 
/*SQL #:1*/SELECT 1 FROM public.tipo_objeto;
2022-05-08 20:32:08 jdbc[3]: 
/**/ResultSetMetaData rsMeta55 = rs43.getMetaData();
2022-05-08 20:32:08 jdbc[3]: 
/**/conn0.getCatalog();
2022-05-08 20:32:08 jdbc[3]: 
/**/rsMeta55.getColumnCount();
2022-05-08 20:32:08 jdbc[3]: 
/**/rsMeta55.getColumnCount();
2022-05-08 20:32:08 jdbc[3]: 
/**/rsMeta55.getColumnLabel(1);
2022-05-08 20:32:08 jdbc[3]: 
/**/rsMeta55.getColumnCount();
2022-05-08 20:32:08 jdbc[3]: 
/**/ResultSetMetaData rsMeta56 = rs43.getMetaData();
2022-05-08 20:32:08 jdbc[3]: 
/**/conn0.getCatalog();
2022-05-08 20:32:08 jdbc[3]: 
/**/rsMeta56.getColumnCount();
2022-05-08 20:32:08 jdbc[3]: 
/**/rs43.next();
2022-05-08 20:32:08 jdbc[3]: 
/**/rsMeta56.getColumnType(1);
2022-05-08 20:32:08 jdbc[3]: 
/**/rs43.getObject(1);
2022-05-08 20:32:08 jdbc[3]: 
/**/rs43.next();
2022-05-08 20:32:08 jdbc[3]: 
/**/rs43.close();
2022-05-08 20:32:08 jdbc[3]: 
/**/prep113.close();
2022-05-08 20:32:08 jdbc[3]: 
/**/conn0.setClientInfo(properties);
2022-05-08 20:32:08 jdbc[3]: 
/**/conn0.getClientInfo();
2022-05-08 20:32:08 jdbc[3]: 
/**/PreparedStatement prep114 = conn0.prepareStatement("INSERT INTO tipo_objeto (activo, fecha_creacion) VALUES (false,'2022-3-01');", 1003, 1007);
2022-05-08 20:32:08 jdbc[3]: 
/**/prep114.executeUpdate();
2022-05-08 20:32:08 lock: 3 shared read lock requesting for TIPO_OBJETO 
2022-05-08 20:32:08 lock: 3 shared read lock ok TIPO_OBJETO 
2022-05-08 20:32:08 jdbc[3]: 
/*SQL #:1*/INSERT INTO tipo_objeto (activo, fecha_creacion) VALUES (false,'2022-3-01');
2022-05-08 20:32:08 lock: 3 shared read lock unlock TIPO_OBJETO 
2022-05-08 20:32:08 jdbc[3]: 
/**/prep114.close();
2022-05-08 20:32:08 jdbc[3]: 
/**/conn0.setClientInfo(properties);
2022-05-08 20:32:08 jdbc[3]: 
/**/conn0.getClientInfo();
2022-05-08 20:32:08 jdbc[3]: 
/**/PreparedStatement prep115 = conn0.prepareStatement("INSERT INTO tipo_objeto (activo, fecha_creacion) VALUES (true,'2022-3-02');", 1003, 1007);
2022-05-08 20:32:08 jdbc[3]: 
/**/prep115.executeUpdate();
2022-05-08 20:32:08 lock: 3 shared read lock requesting for TIPO_OBJETO 
2022-05-08 20:32:08 lock: 3 shared read lock ok TIPO_OBJETO 
2022-05-08 20:32:08 jdbc[3]: 
/*SQL #:1*/INSERT INTO tipo_objeto (activo, fecha_creacion) VALUES (true,'2022-3-02');
2022-05-08 20:32:08 lock: 3 shared read lock unlock TIPO_OBJETO 
2022-05-08 20:32:08 jdbc[3]: 
/**/prep115.close();
2022-05-08 20:32:08 jdbc[3]: 
/**/conn0.setClientInfo(properties);
2022-05-08 20:32:08 jdbc[3]: 
/**/conn0.getClientInfo();
2022-05-08 20:32:08 jdbc[3]: 
/**/PreparedStatement prep116 = conn0.prepareStatement("INSERT INTO tipo_objeto (activo, fecha_creacion) VALUES (true,'2022-3-03');", 1003, 1007);
2022-05-08 20:32:08 jdbc[3]: 
/**/prep116.executeUpdate();
2022-05-08 20:32:08 lock: 3 shared read lock requesting for TIPO_OBJETO 
2022-05-08 20:32:08 lock: 3 shared read lock ok TIPO_OBJETO 
2022-05-08 20:32:08 jdbc[3]: 
/*SQL #:1*/INSERT INTO tipo_objeto (activo, fecha_creacion) VALUES (true,'2022-3-03');
2022-05-08 20:32:08 lock: 3 shared read lock unlock TIPO_OBJETO 
2022-05-08 20:32:08 jdbc[3]: 
/**/prep116.close();
2022-05-08 20:32:08 jdbc[3]: 
/**/conn0.setClientInfo(properties);
2022-05-08 20:32:08 jdbc[3]: 
/**/conn0.getClientInfo();
2022-05-08 20:32:08 jdbc[3]: 
/**/PreparedStatement prep117 = conn0.prepareStatement("INSERT INTO tipo_objeto (activo, fecha_creacion) VALUES (true,'2022-3-03');", 1003, 1007);
2022-05-08 20:32:08 jdbc[3]: 
/**/prep117.executeUpdate();
2022-05-08 20:32:08 lock: 3 shared read lock requesting for TIPO_OBJETO 
2022-05-08 20:32:08 lock: 3 shared read lock ok TIPO_OBJETO 
2022-05-08 20:32:08 jdbc[3]: 
/*SQL #:1*/INSERT INTO tipo_objeto (activo, fecha_creacion) VALUES (true,'2022-3-03');
2022-05-08 20:32:08 lock: 3 shared read lock unlock TIPO_OBJETO 
2022-05-08 20:32:08 jdbc[3]: 
/**/prep117.close();
2022-05-08 20:32:08 jdbc[3]: 
/**/conn0.setClientInfo(properties);
2022-05-08 20:32:08 jdbc[3]: 
/**/conn0.getClientInfo();
2022-05-08 20:32:08 jdbc[3]: 
/**/PreparedStatement prep118 = conn0.prepareStatement("INSERT INTO objeto (longitud, latitud,nombre) VALUES('1.3845285035','5.3456798788','Insertado desde datos.sql');", 1003, 1007);
2022-05-08 20:32:08 jdbc[3]: 
/**/prep118.executeUpdate();
2022-05-08 20:32:08 lock: 3 shared read lock requesting for OBJETO 
2022-05-08 20:32:08 lock: 3 shared read lock ok OBJETO 
2022-05-08 20:32:08 jdbc[3]: 
/*SQL #:1 t:1*/INSERT INTO objeto (longitud, latitud,nombre) VALUES('1.3845285035','5.3456798788','Insertado desde datos.sql');
2022-05-08 20:32:08 lock: 3 shared read lock unlock OBJETO 
2022-05-08 20:32:08 jdbc[3]: 
/**/prep118.close();
2022-05-08 20:32:08 jdbc[3]: 
/**/conn0.setClientInfo(properties);
2022-05-08 20:32:08 jdbc[3]: 
/**/conn0.getClientInfo();
2022-05-08 20:32:08 jdbc[3]: 
/**/PreparedStatement prep119 = conn0.prepareStatement("INSERT INTO objeto (longitud, latitud,nombre) VALUES('2.5392273491','3.5559444444','Insertado desde datos.sql');", 1003, 1007);
2022-05-08 20:32:08 jdbc[3]: 
/**/prep119.executeUpdate();
2022-05-08 20:32:08 lock: 3 shared read lock requesting for OBJETO 
2022-05-08 20:32:08 lock: 3 shared read lock ok OBJETO 
2022-05-08 20:32:08 jdbc[3]: 
/*SQL #:1 t:1*/INSERT INTO objeto (longitud, latitud,nombre) VALUES('2.5392273491','3.5559444444','Insertado desde datos.sql');
2022-05-08 20:32:08 lock: 3 shared read lock unlock OBJETO 
2022-05-08 20:32:08 jdbc[3]: 
/**/prep119.close();
2022-05-08 20:32:08 jdbc[3]: 
/**/conn0.setClientInfo(properties);
2022-05-08 20:32:08 jdbc[3]: 
/**/conn0.getClientInfo();
2022-05-08 20:32:08 jdbc[3]: 
/**/PreparedStatement prep120 = conn0.prepareStatement("INSERT INTO objeto (longitud, latitud,nombre) VALUES('3.1234987654','1.0873023588','Insertado desde datos.sql');", 1003, 1007);
2022-05-08 20:32:08 jdbc[3]: 
/**/prep120.executeUpdate();
2022-05-08 20:32:08 lock: 3 shared read lock requesting for OBJETO 
2022-05-08 20:32:08 lock: 3 shared read lock ok OBJETO 
2022-05-08 20:32:08 jdbc[3]: 
/*SQL #:1*/INSERT INTO objeto (longitud, latitud,nombre) VALUES('3.1234987654','1.0873023588','Insertado desde datos.sql');
2022-05-08 20:32:08 lock: 3 shared read lock unlock OBJETO 
2022-05-08 20:32:08 jdbc[3]: 
/**/prep120.close();
2022-05-08 20:32:08 jdbc[3]: 
/**/conn0.setClientInfo(properties);
2022-05-08 20:32:08 jdbc[3]: 
/**/conn0.getClientInfo();
2022-05-08 20:32:08 jdbc[3]: 
/**/PreparedStatement prep121 = conn0.prepareStatement("INSERT INTO objeto_estado(actual,fecha_alcanzado) VALUES(true,'2022-05-02');", 1003, 1007);
2022-05-08 20:32:08 jdbc[3]: 
/**/prep121.executeUpdate();
2022-05-08 20:32:08 lock: 3 shared read lock requesting for OBJETO_ESTADO 
2022-05-08 20:32:08 lock: 3 shared read lock ok OBJETO_ESTADO 
2022-05-08 20:32:08 jdbc[3]: 
/*SQL #:1 t:1*/INSERT INTO objeto_estado(actual,fecha_alcanzado) VALUES(true,'2022-05-02');
2022-05-08 20:32:08 lock: 3 shared read lock unlock OBJETO_ESTADO 
2022-05-08 20:32:08 jdbc[3]: 
/**/prep121.close();
2022-05-08 20:32:08 jdbc[3]: 
/**/conn0.setClientInfo(properties);
2022-05-08 20:32:08 jdbc[3]: 
/**/conn0.getClientInfo();
2022-05-08 20:32:08 jdbc[3]: 
/**/PreparedStatement prep122 = conn0.prepareStatement("INSERT INTO objeto_estado(actual,fecha_alcanzado) VALUES(false,'2022-05-02');", 1003, 1007);
2022-05-08 20:32:08 jdbc[3]: 
/**/prep122.executeUpdate();
2022-05-08 20:32:08 lock: 3 shared read lock requesting for OBJETO_ESTADO 
2022-05-08 20:32:08 lock: 3 shared read lock ok OBJETO_ESTADO 
2022-05-08 20:32:08 jdbc[3]: 
/*SQL #:1*/INSERT INTO objeto_estado(actual,fecha_alcanzado) VALUES(false,'2022-05-02');
2022-05-08 20:32:08 lock: 3 shared read lock unlock OBJETO_ESTADO 
2022-05-08 20:32:08 jdbc[3]: 
/**/prep122.close();
2022-05-08 20:32:08 jdbc[3]: 
/**/conn0.setClientInfo(properties);
2022-05-08 20:32:08 jdbc[3]: 
/**/conn0.getClientInfo();
2022-05-08 20:32:08 jdbc[3]: 
/**/PreparedStatement prep123 = conn0.prepareStatement("INSERT INTO objeto_estado(actual,fecha_alcanzado) VALUES(true,'2022-05-02');", 1003, 1007);
2022-05-08 20:32:08 jdbc[3]: 
/**/prep123.executeUpdate();
2022-05-08 20:32:08 lock: 3 shared read lock requesting for OBJETO_ESTADO 
2022-05-08 20:32:08 lock: 3 shared read lock ok OBJETO_ESTADO 
2022-05-08 20:32:08 jdbc[3]: 
/*SQL #:1*/INSERT INTO objeto_estado(actual,fecha_alcanzado) VALUES(true,'2022-05-02');
2022-05-08 20:32:08 lock: 3 shared read lock unlock OBJETO_ESTADO 
2022-05-08 20:32:08 jdbc[3]: 
/**/prep123.close();
2022-05-08 20:32:08 jdbc[3]: 
/**/conn0.setClientInfo(properties);
2022-05-08 20:32:08 jdbc[3]: 
/**/conn0.getClientInfo();
2022-05-08 20:32:08 jdbc[3]: 
/**/PreparedStatement prep124 = conn0.prepareStatement("INSERT INTO ruta(nombre,fecha_creacion) VALUES('Insertado desde datos.sql','2022-05-03');", 1003, 1007);
2022-05-08 20:32:08 jdbc[3]: 
/**/prep124.executeUpdate();
2022-05-08 20:32:08 lock: 3 shared read lock requesting for RUTA 
2022-05-08 20:32:08 lock: 3 shared read lock ok RUTA 
2022-05-08 20:32:08 jdbc[3]: 
/*SQL #:1*/INSERT INTO ruta(nombre,fecha_creacion) VALUES('Insertado desde datos.sql','2022-05-03');
2022-05-08 20:32:08 lock: 3 shared read lock unlock RUTA 
2022-05-08 20:32:08 jdbc[3]: 
/**/prep124.close();
2022-05-08 20:32:08 jdbc[3]: 
/**/conn0.setClientInfo(properties);
2022-05-08 20:32:08 jdbc[3]: 
/**/conn0.getClientInfo();
2022-05-08 20:32:08 jdbc[3]: 
/**/PreparedStatement prep125 = conn0.prepareStatement("INSERT INTO ruta(nombre,fecha_creacion) VALUES('Insertado desde datos.sql','2022-05-03');", 1003, 1007);
2022-05-08 20:32:08 jdbc[3]: 
/**/prep125.executeUpdate();
2022-05-08 20:32:08 lock: 3 shared read lock requesting for RUTA 
2022-05-08 20:32:08 lock: 3 shared read lock ok RUTA 
2022-05-08 20:32:08 jdbc[3]: 
/*SQL #:1*/INSERT INTO ruta(nombre,fecha_creacion) VALUES('Insertado desde datos.sql','2022-05-03');
2022-05-08 20:32:08 lock: 3 shared read lock unlock RUTA 
2022-05-08 20:32:08 jdbc[3]: 
/**/prep125.close();
2022-05-08 20:32:08 jdbc[3]: 
/**/conn0.setClientInfo(properties);
2022-05-08 20:32:08 jdbc[3]: 
/**/conn0.getClientInfo();
2022-05-08 20:32:08 jdbc[3]: 
/**/PreparedStatement prep126 = conn0.prepareStatement("INSERT INTO ruta(nombre,fecha_creacion) VALUES('Insertado desde datos.sql','2022-05-03');", 1003, 1007);
2022-05-08 20:32:08 jdbc[3]: 
/**/prep126.executeUpdate();
2022-05-08 20:32:08 lock: 3 shared read lock requesting for RUTA 
2022-05-08 20:32:08 lock: 3 shared read lock ok RUTA 
2022-05-08 20:32:08 jdbc[3]: 
/*SQL #:1*/INSERT INTO ruta(nombre,fecha_creacion) VALUES('Insertado desde datos.sql','2022-05-03');
2022-05-08 20:32:08 lock: 3 shared read lock unlock RUTA 
2022-05-08 20:32:08 jdbc[3]: 
/**/prep126.close();
2022-05-08 20:32:08 jdbc[3]: 
/**/conn0.setClientInfo(properties);
2022-05-08 20:32:08 jdbc[3]: 
/**/conn0.getClientInfo();
2022-05-08 20:32:08 jdbc[3]: 
/**/PreparedStatement prep127 = conn0.prepareStatement("INSERT INTO estado (nombre, fecha_creacion) VALUES('Insertado desde datos.sql','2022-05-01');", 1003, 1007);
2022-05-08 20:32:08 jdbc[3]: 
/**/prep127.executeUpdate();
2022-05-08 20:32:08 lock: 3 shared read lock requesting for ESTADO 
2022-05-08 20:32:08 lock: 3 shared read lock ok ESTADO 
2022-05-08 20:32:08 jdbc[3]: 
/*SQL #:1*/INSERT INTO estado (nombre, fecha_creacion) VALUES('Insertado desde datos.sql','2022-05-01');
2022-05-08 20:32:08 lock: 3 shared read lock unlock ESTADO 
2022-05-08 20:32:08 jdbc[3]: 
/**/prep127.close();
2022-05-08 20:32:08 jdbc[3]: 
/**/conn0.setClientInfo(properties);
2022-05-08 20:32:08 jdbc[3]: 
/**/conn0.getClientInfo();
2022-05-08 20:32:08 jdbc[3]: 
/**/PreparedStatement prep128 = conn0.prepareStatement("INSERT INTO estado (nombre, fecha_creacion) VALUES('Insertado desde datos.sql','2022-05-02');", 1003, 1007);
2022-05-08 20:32:08 jdbc[3]: 
/**/prep128.executeUpdate();
2022-05-08 20:32:08 lock: 3 shared read lock requesting for ESTADO 
2022-05-08 20:32:08 lock: 3 shared read lock ok ESTADO 
2022-05-08 20:32:08 jdbc[3]: 
/*SQL #:1*/INSERT INTO estado (nombre, fecha_creacion) VALUES('Insertado desde datos.sql','2022-05-02');
2022-05-08 20:32:08 lock: 3 shared read lock unlock ESTADO 
2022-05-08 20:32:08 jdbc[3]: 
/**/prep128.close();
2022-05-08 20:32:08 jdbc[3]: 
/**/conn0.setClientInfo(properties);
2022-05-08 20:32:08 jdbc[3]: 
/**/conn0.getClientInfo();
2022-05-08 20:32:08 jdbc[3]: 
/**/PreparedStatement prep129 = conn0.prepareStatement("INSERT INTO estado (nombre, fecha_creacion) VALUES('Insertado desde datos.sql','2022-05-03');", 1003, 1007);
2022-05-08 20:32:08 jdbc[3]: 
/**/prep129.executeUpdate();
2022-05-08 20:32:08 lock: 3 shared read lock requesting for ESTADO 
2022-05-08 20:32:08 lock: 3 shared read lock ok ESTADO 
2022-05-08 20:32:08 jdbc[3]: 
/*SQL #:1*/INSERT INTO estado (nombre, fecha_creacion) VALUES('Insertado desde datos.sql','2022-05-03');
2022-05-08 20:32:08 lock: 3 shared read lock unlock ESTADO 
2022-05-08 20:32:08 jdbc[3]: 
/**/prep129.close();
2022-05-08 20:32:08 jdbc[3]: 
/**/conn0.setClientInfo(properties);


*************************************************************
findAll Objeto
2022-05-08 20:32:09 jdbc[3]: 
/**/conn0.getClientInfo();
2022-05-08 20:32:09 jdbc[3]: 
/**/PreparedStatement prep130 = conn0.prepareStatement("SELECT id_objeto, latitud, longitud, nombre, observaciones, id_tipo_objeto FROM public.objeto", 1003, 1007);
2022-05-08 20:32:09 jdbc[3]: Plan       : calculate cost for plan [PUBLIC.OBJETO]
2022-05-08 20:32:09 jdbc[3]: Plan       :   for table filter PUBLIC.OBJETO
2022-05-08 20:32:09 jdbc[3]: Table      :     potential plan item cost 10,320 index PUBLIC.OBJETO.tableScan
2022-05-08 20:32:09 jdbc[3]: Table      :     potential plan item cost 10,330 index PUBLIC.PRIMARY_KEY_8
2022-05-08 20:32:09 jdbc[3]: Table      :     potential plan item cost 20,460 index PUBLIC.FK_OBJETO_ID_TIPO_OBJETO_INDEX_8
2022-05-08 20:32:09 jdbc[3]: Plan       :   best plan item cost 10,320 index PUBLIC.OBJETO.tableScan
2022-05-08 20:32:09 jdbc[3]: Plan       : plan cost 10,321
2022-05-08 20:32:09 jdbc[3]: 
/**/ResultSet rs44 = prep130.executeQuery();
2022-05-08 20:32:09 jdbc[3]: 
/*SQL #:12 t:1*/SELECT id_objeto, latitud, longitud, nombre, observaciones, id_tipo_objeto FROM public.objeto;
2022-05-08 20:32:09 jdbc[3]: 
/**/ResultSetMetaData rsMeta57 = rs44.getMetaData();
2022-05-08 20:32:09 jdbc[3]: 
/**/conn0.getCatalog();
2022-05-08 20:32:09 jdbc[3]: 
/**/rsMeta57.getColumnCount();
2022-05-08 20:32:09 jdbc[3]: 
/**/rs44.next();
2022-05-08 20:32:09 jdbc[3]: 
/**/rsMeta57.getColumnType(1);
2022-05-08 20:32:09 jdbc[3]: 
/**/rs44.getLong(1);
2022-05-08 20:32:09 jdbc[3]: 
/**/rsMeta57.getColumnType(2);
2022-05-08 20:32:09 jdbc[3]: 
/**/rs44.getBigDecimal(2);
2022-05-08 20:32:09 jdbc[3]: 
/**/rsMeta57.getColumnType(3);
2022-05-08 20:32:09 jdbc[3]: 
/**/rs44.getBigDecimal(3);
2022-05-08 20:32:09 jdbc[3]: 
/**/rsMeta57.getColumnType(4);
2022-05-08 20:32:09 jdbc[3]: 
/**/rs44.getString(4);
2022-05-08 20:32:09 jdbc[3]: 
/**/rsMeta57.getColumnType(5);
2022-05-08 20:32:09 jdbc[3]: 
/**/rs44.getString(5);
2022-05-08 20:32:09 jdbc[3]: 
/**/rsMeta57.getColumnType(6);
2022-05-08 20:32:09 jdbc[3]: 
/**/rs44.getInt(6);
2022-05-08 20:32:09 jdbc[3]: 
/**/rs44.wasNull();
2022-05-08 20:32:09 jdbc[3]: 
/**/rs44.next();
2022-05-08 20:32:09 jdbc[3]: 
/**/rs44.getLong(1);
2022-05-08 20:32:09 jdbc[3]: 
/**/rs44.getBigDecimal(2);
2022-05-08 20:32:09 jdbc[3]: 
/**/rs44.getBigDecimal(3);
2022-05-08 20:32:09 jdbc[3]: 
/**/rs44.getString(4);
2022-05-08 20:32:09 jdbc[3]: 
/**/rs44.getString(5);
2022-05-08 20:32:09 jdbc[3]: 
/**/rs44.getInt(6);
2022-05-08 20:32:09 jdbc[3]: 
/**/rs44.wasNull();
2022-05-08 20:32:09 jdbc[3]: 
/**/rs44.next();
2022-05-08 20:32:09 jdbc[3]: 
/**/rs44.getLong(1);
2022-05-08 20:32:09 jdbc[3]: 
/**/rs44.getBigDecimal(2);
2022-05-08 20:32:09 jdbc[3]: 
/**/rs44.getBigDecimal(3);
2022-05-08 20:32:09 jdbc[3]: 
/**/rs44.getString(4);
2022-05-08 20:32:09 jdbc[3]: 
/**/rs44.getString(5);
2022-05-08 20:32:09 jdbc[3]: 
/**/rs44.getInt(6);
2022-05-08 20:32:09 jdbc[3]: 
/**/rs44.wasNull();
2022-05-08 20:32:09 jdbc[3]: 
/**/rs44.next();
2022-05-08 20:32:09 jdbc[3]: 
/**/rs44.getLong(1);
2022-05-08 20:32:09 jdbc[3]: 
/**/rs44.getBigDecimal(2);
2022-05-08 20:32:09 jdbc[3]: 
/**/rs44.getBigDecimal(3);
2022-05-08 20:32:09 jdbc[3]: 
/**/rs44.getString(4);
2022-05-08 20:32:09 jdbc[3]: 
/**/rs44.getString(5);
2022-05-08 20:32:09 jdbc[3]: 
/**/rs44.getInt(6);
2022-05-08 20:32:09 jdbc[3]: 
/**/rs44.wasNull();
2022-05-08 20:32:09 jdbc[3]: 
/**/rs44.next();
2022-05-08 20:32:09 jdbc[3]: 
/**/rs44.getLong(1);
2022-05-08 20:32:09 jdbc[3]: 
/**/rs44.getBigDecimal(2);
2022-05-08 20:32:09 jdbc[3]: 
/**/rs44.getBigDecimal(3);
2022-05-08 20:32:09 jdbc[3]: 
/**/rs44.getString(4);
2022-05-08 20:32:09 jdbc[3]: 
/**/rs44.getString(5);
2022-05-08 20:32:09 jdbc[3]: 
/**/rs44.getInt(6);
2022-05-08 20:32:09 jdbc[3]: 
/**/rs44.wasNull();
2022-05-08 20:32:09 jdbc[3]: 
/**/rs44.next();
2022-05-08 20:32:09 jdbc[3]: 
/**/rs44.getLong(1);
2022-05-08 20:32:09 jdbc[3]: 
/**/rs44.getBigDecimal(2);
2022-05-08 20:32:09 jdbc[3]: 
/**/rs44.getBigDecimal(3);
2022-05-08 20:32:09 jdbc[3]: 
/**/rs44.getString(4);
2022-05-08 20:32:09 jdbc[3]: 
/**/rs44.getString(5);
2022-05-08 20:32:09 jdbc[3]: 
/**/rs44.getInt(6);
2022-05-08 20:32:09 jdbc[3]: 
/**/rs44.wasNull();
2022-05-08 20:32:09 jdbc[3]: 
/**/rs44.next();
2022-05-08 20:32:09 jdbc[3]: 
/**/rs44.getLong(1);
2022-05-08 20:32:09 jdbc[3]: 
/**/rs44.getBigDecimal(2);
2022-05-08 20:32:09 jdbc[3]: 
/**/rs44.getBigDecimal(3);
2022-05-08 20:32:09 jdbc[3]: 
/**/rs44.getString(4);
2022-05-08 20:32:09 jdbc[3]: 
/**/rs44.getString(5);
2022-05-08 20:32:09 jdbc[3]: 
/**/rs44.getInt(6);
2022-05-08 20:32:09 jdbc[3]: 
/**/rs44.wasNull();
2022-05-08 20:32:09 jdbc[3]: 
/**/rs44.next();
2022-05-08 20:32:09 jdbc[3]: 
/**/rs44.getLong(1);
2022-05-08 20:32:09 jdbc[3]: 
/**/rs44.getBigDecimal(2);
2022-05-08 20:32:09 jdbc[3]: 
/**/rs44.getBigDecimal(3);
2022-05-08 20:32:09 jdbc[3]: 
/**/rs44.getString(4);
2022-05-08 20:32:09 jdbc[3]: 
/**/rs44.getString(5);
2022-05-08 20:32:09 jdbc[3]: 
/**/rs44.getInt(6);
2022-05-08 20:32:09 jdbc[3]: 
/**/rs44.wasNull();
2022-05-08 20:32:09 jdbc[3]: 
/**/rs44.next();
2022-05-08 20:32:09 jdbc[3]: 
/**/rs44.getLong(1);
2022-05-08 20:32:09 jdbc[3]: 
/**/rs44.getBigDecimal(2);
2022-05-08 20:32:09 jdbc[3]: 
/**/rs44.getBigDecimal(3);
2022-05-08 20:32:09 jdbc[3]: 
/**/rs44.getString(4);
2022-05-08 20:32:09 jdbc[3]: 
/**/rs44.getString(5);
2022-05-08 20:32:09 jdbc[3]: 
/**/rs44.getInt(6);
2022-05-08 20:32:09 jdbc[3]: 
/**/rs44.wasNull();
2022-05-08 20:32:09 jdbc[3]: 
/**/rs44.next();
2022-05-08 20:32:09 jdbc[3]: 
/**/rs44.getLong(1);
2022-05-08 20:32:09 jdbc[3]: 
/**/rs44.getBigDecimal(2);
2022-05-08 20:32:09 jdbc[3]: 
/**/rs44.getBigDecimal(3);
2022-05-08 20:32:09 jdbc[3]: 
/**/rs44.getString(4);
2022-05-08 20:32:09 jdbc[3]: 
/**/rs44.getString(5);
2022-05-08 20:32:09 jdbc[3]: 
/**/rs44.getInt(6);
2022-05-08 20:32:09 jdbc[3]: 
/**/rs44.wasNull();
2022-05-08 20:32:09 jdbc[3]: 
/**/rs44.next();
2022-05-08 20:32:09 jdbc[3]: 
/**/rs44.getLong(1);
2022-05-08 20:32:09 jdbc[3]: 
/**/rs44.getBigDecimal(2);
2022-05-08 20:32:09 jdbc[3]: 
/**/rs44.getBigDecimal(3);
2022-05-08 20:32:09 jdbc[3]: 
/**/rs44.getString(4);
2022-05-08 20:32:09 jdbc[3]: 
/**/rs44.getString(5);
2022-05-08 20:32:09 jdbc[3]: 
/**/rs44.getInt(6);
2022-05-08 20:32:09 jdbc[3]: 
/**/rs44.wasNull();
2022-05-08 20:32:09 jdbc[3]: 
/**/rs44.next();
2022-05-08 20:32:09 jdbc[3]: 
/**/rs44.getLong(1);
2022-05-08 20:32:09 jdbc[3]: 
/**/rs44.getBigDecimal(2);
2022-05-08 20:32:09 jdbc[3]: 
/**/rs44.getBigDecimal(3);
2022-05-08 20:32:09 jdbc[3]: 
/**/rs44.getString(4);
2022-05-08 20:32:09 jdbc[3]: 
/**/rs44.getString(5);
2022-05-08 20:32:09 jdbc[3]: 
/**/rs44.getInt(6);
2022-05-08 20:32:09 jdbc[3]: 
/**/rs44.wasNull();
2022-05-08 20:32:09 jdbc[3]: 
/**/rs44.next();
2022-05-08 20:32:09 jdbc[3]: 
/**/rs44.close();
2022-05-08 20:32:09 jdbc[3]: 
/**/prep130.close();
2022-05-08 20:32:09 jdbc[3]: 
/**/conn0.setClientInfo(properties);
2022-05-08 20:32:09 jdbc[3]: 
/**/conn0.getClientInfo();
2022-05-08 20:32:09 jdbc[3]: 
/**/PreparedStatement prep131 = conn0.prepareStatement("SELECT COUNT(id_objeto) FROM public.objeto", 1003, 1007);
2022-05-08 20:32:09 jdbc[3]: Plan       : calculate cost for plan [PUBLIC.OBJETO]
2022-05-08 20:32:09 jdbc[3]: Plan       :   for table filter PUBLIC.OBJETO
2022-05-08 20:32:09 jdbc[3]: Table      :     potential plan item cost 10,320 index PUBLIC.OBJETO.tableScan
2022-05-08 20:32:09 jdbc[3]: Table      :     potential plan item cost 10,330 index PUBLIC.PRIMARY_KEY_8
2022-05-08 20:32:09 jdbc[3]: Table      :     potential plan item cost 20,460 index PUBLIC.FK_OBJETO_ID_TIPO_OBJETO_INDEX_8
2022-05-08 20:32:09 jdbc[3]: Plan       :   best plan item cost 10,320 index PUBLIC.OBJETO.tableScan
2022-05-08 20:32:09 jdbc[3]: Plan       : plan cost 10,321
2022-05-08 20:32:09 jdbc[3]: 
/**/ResultSet rs45 = prep131.executeQuery();
2022-05-08 20:32:09 jdbc[3]: 
/*SQL #:1*/SELECT COUNT(id_objeto) FROM public.objeto;
2022-05-08 20:32:09 jdbc[3]: 
/**/ResultSetMetaData rsMeta58 = rs45.getMetaData();
2022-05-08 20:32:09 jdbc[3]: 
/**/conn0.getCatalog();
2022-05-08 20:32:09 jdbc[3]: 
/**/rsMeta58.getColumnCount();
2022-05-08 20:32:09 jdbc[3]: 
/**/rs45.next();
2022-05-08 20:32:09 jdbc[3]: 
/**/rsMeta58.getColumnType(1);
2022-05-08 20:32:09 jdbc[3]: 
/**/rs45.getLong(1);
2022-05-08 20:32:09 jdbc[3]: 
/**/rs45.next();
2022-05-08 20:32:09 jdbc[3]: 
/**/rs45.close();
2022-05-08 20:32:09 jdbc[3]: 
/**/prep131.close();
2022-05-08 20:32:09 jdbc[3]: 
/**/conn0.setClientInfo(properties);
2022-05-08 20:32:09 jdbc[3]: 
/**/conn0.getClientInfo();
2022-05-08 20:32:09 jdbc[3]: 
/**/PreparedStatement prep132 = conn0.prepareStatement("SELECT id_objeto_estado, actual, fecha_alcanzado, observaciones, id_estado, id_objeto FROM public.objeto_estado WHERE (id_objeto = ?)", 1003, 1007);
2022-05-08 20:32:09 jdbc[3]: Plan       : calculate cost for plan [PUBLIC.OBJETO_ESTADO]
2022-05-08 20:32:09 jdbc[3]: Plan       :   for table filter PUBLIC.OBJETO_ESTADO
2022-05-08 20:32:09 jdbc[3]: Table      :     potential plan item cost 10,320 index PUBLIC.OBJETO_ESTADO.tableScan
2022-05-08 20:32:09 jdbc[3]: Table      :     potential plan item cost 10,330 index PUBLIC.PRIMARY_KEY_4
2022-05-08 20:32:09 jdbc[3]: Table      :     potential plan item cost 280 index PUBLIC.FK_OBJETO_ESTADO_ID_OBJETO_INDEX_4
2022-05-08 20:32:09 jdbc[3]: Table      :     potential plan item cost 20,460 index PUBLIC.FK_OBJETO_ESTADO_ID_ESTADO_INDEX_4
2022-05-08 20:32:09 jdbc[3]: Plan       :   best plan item cost 277.2 index PUBLIC.FK_OBJETO_ESTADO_ID_OBJETO_INDEX_4
2022-05-08 20:32:09 jdbc[3]: Plan       : plan cost 278.2
2022-05-08 20:32:09 jdbc[3]: 
/**/prep132.setLong(1, 1L);
2022-05-08 20:32:09 jdbc[3]: 
/**/ResultSet rs46 = prep132.executeQuery();
2022-05-08 20:32:09 jdbc[3]: 
/*SQL l:133*/SELECT id_objeto_estado, actual, fecha_alcanzado, observaciones, id_estado, id_objeto FROM public.objeto_estado WHERE (id_objeto = ?) {1: 1};
2022-05-08 20:32:09 jdbc[3]: 
/**/ResultSetMetaData rsMeta59 = rs46.getMetaData();
2022-05-08 20:32:09 jdbc[3]: 
/**/conn0.getCatalog();
2022-05-08 20:32:09 jdbc[3]: 
/**/rsMeta59.getColumnCount();
2022-05-08 20:32:09 jdbc[3]: 
/**/rs46.next();
2022-05-08 20:32:09 jdbc[3]: 
/**/rs46.close();
2022-05-08 20:32:09 jdbc[3]: 
/**/prep132.close();
2022-05-08 20:32:09 jdbc[3]: 
/**/conn0.setClientInfo(properties);
2022-05-08 20:32:09 jdbc[3]: 
/**/conn0.getClientInfo();
2022-05-08 20:32:09 jdbc[3]: 
/**/PreparedStatement prep133 = conn0.prepareStatement("SELECT id_objeto_estado, actual, fecha_alcanzado, observaciones, id_estado, id_objeto FROM public.objeto_estado WHERE (id_objeto = ?)", 1003, 1007);
2022-05-08 20:32:09 jdbc[3]: 
/**/prep133.setLong(1, 2L);
2022-05-08 20:32:09 jdbc[3]: 
/**/ResultSet rs47 = prep133.executeQuery();
2022-05-08 20:32:09 jdbc[3]: 
/*SQL l:133*/SELECT id_objeto_estado, actual, fecha_alcanzado, observaciones, id_estado, id_objeto FROM public.objeto_estado WHERE (id_objeto = ?) {1: 2};
2022-05-08 20:32:09 jdbc[3]: 
/**/ResultSetMetaData rsMeta60 = rs47.getMetaData();
2022-05-08 20:32:09 jdbc[3]: 
/**/conn0.getCatalog();
2022-05-08 20:32:09 jdbc[3]: 
/**/rsMeta60.getColumnCount();
2022-05-08 20:32:09 jdbc[3]: 
/**/rs47.next();
2022-05-08 20:32:09 jdbc[3]: 
/**/rs47.close();
2022-05-08 20:32:09 jdbc[3]: 
/**/prep133.close();
2022-05-08 20:32:09 jdbc[3]: 
/**/conn0.setClientInfo(properties);
2022-05-08 20:32:09 jdbc[3]: 
/**/conn0.getClientInfo();
2022-05-08 20:32:09 jdbc[3]: 
/**/PreparedStatement prep134 = conn0.prepareStatement("SELECT id_objeto_estado, actual, fecha_alcanzado, observaciones, id_estado, id_objeto FROM public.objeto_estado WHERE (id_objeto = ?)", 1003, 1007);
2022-05-08 20:32:09 jdbc[3]: 
/**/prep134.setLong(1, 3L);
2022-05-08 20:32:09 jdbc[3]: 
/**/ResultSet rs48 = prep134.executeQuery();
2022-05-08 20:32:09 jdbc[3]: 
/*SQL l:133*/SELECT id_objeto_estado, actual, fecha_alcanzado, observaciones, id_estado, id_objeto FROM public.objeto_estado WHERE (id_objeto = ?) {1: 3};
2022-05-08 20:32:09 jdbc[3]: 
/**/ResultSetMetaData rsMeta61 = rs48.getMetaData();
2022-05-08 20:32:09 jdbc[3]: 
/**/conn0.getCatalog();
2022-05-08 20:32:09 jdbc[3]: 
/**/rsMeta61.getColumnCount();
2022-05-08 20:32:09 jdbc[3]: 
/**/rs48.next();
2022-05-08 20:32:09 jdbc[3]: 
/**/rs48.close();
2022-05-08 20:32:09 jdbc[3]: 
/**/prep134.close();
2022-05-08 20:32:09 jdbc[3]: 
/**/conn0.setClientInfo(properties);
2022-05-08 20:32:09 jdbc[3]: 
/**/conn0.getClientInfo();
2022-05-08 20:32:09 jdbc[3]: 
/**/PreparedStatement prep135 = conn0.prepareStatement("SELECT id_objeto_estado, actual, fecha_alcanzado, observaciones, id_estado, id_objeto FROM public.objeto_estado WHERE (id_objeto = ?)", 1003, 1007);
2022-05-08 20:32:09 jdbc[3]: 
/**/prep135.setLong(1, 4L);
2022-05-08 20:32:09 jdbc[3]: 
/**/ResultSet rs49 = prep135.executeQuery();
2022-05-08 20:32:09 jdbc[3]: 
/*SQL l:133*/SELECT id_objeto_estado, actual, fecha_alcanzado, observaciones, id_estado, id_objeto FROM public.objeto_estado WHERE (id_objeto = ?) {1: 4};
2022-05-08 20:32:09 jdbc[3]: 
/**/ResultSetMetaData rsMeta62 = rs49.getMetaData();
2022-05-08 20:32:09 jdbc[3]: 
/**/conn0.getCatalog();
2022-05-08 20:32:09 jdbc[3]: 
/**/rsMeta62.getColumnCount();
2022-05-08 20:32:09 jdbc[3]: 
/**/rs49.next();
2022-05-08 20:32:09 jdbc[3]: 
/**/rs49.close();
2022-05-08 20:32:09 jdbc[3]: 
/**/prep135.close();
2022-05-08 20:32:09 jdbc[3]: 
/**/conn0.setClientInfo(properties);
2022-05-08 20:32:09 jdbc[3]: 
/**/conn0.getClientInfo();
2022-05-08 20:32:09 jdbc[3]: 
/**/PreparedStatement prep136 = conn0.prepareStatement("SELECT id_objeto_estado, actual, fecha_alcanzado, observaciones, id_estado, id_objeto FROM public.objeto_estado WHERE (id_objeto = ?)", 1003, 1007);
2022-05-08 20:32:09 jdbc[3]: 
/**/prep136.setLong(1, 5L);
2022-05-08 20:32:09 jdbc[3]: 
/**/ResultSet rs50 = prep136.executeQuery();
2022-05-08 20:32:09 jdbc[3]: 
/*SQL l:133*/SELECT id_objeto_estado, actual, fecha_alcanzado, observaciones, id_estado, id_objeto FROM public.objeto_estado WHERE (id_objeto = ?) {1: 5};
2022-05-08 20:32:09 jdbc[3]: 
/**/ResultSetMetaData rsMeta63 = rs50.getMetaData();
2022-05-08 20:32:09 jdbc[3]: 
/**/conn0.getCatalog();
2022-05-08 20:32:09 jdbc[3]: 
/**/rsMeta63.getColumnCount();
2022-05-08 20:32:09 jdbc[3]: 
/**/rs50.next();
2022-05-08 20:32:09 jdbc[3]: 
/**/rs50.close();
2022-05-08 20:32:09 jdbc[3]: 
/**/prep136.close();
2022-05-08 20:32:09 jdbc[3]: 
/**/conn0.setClientInfo(properties);
2022-05-08 20:32:09 jdbc[3]: 
/**/conn0.getClientInfo();
2022-05-08 20:32:09 jdbc[3]: 
/**/PreparedStatement prep137 = conn0.prepareStatement("SELECT id_objeto_estado, actual, fecha_alcanzado, observaciones, id_estado, id_objeto FROM public.objeto_estado WHERE (id_objeto = ?)", 1003, 1007);
2022-05-08 20:32:09 jdbc[3]: 
/**/prep137.setLong(1, 6L);
2022-05-08 20:32:09 jdbc[3]: 
/**/ResultSet rs51 = prep137.executeQuery();
2022-05-08 20:32:09 jdbc[3]: 
/*SQL l:133*/SELECT id_objeto_estado, actual, fecha_alcanzado, observaciones, id_estado, id_objeto FROM public.objeto_estado WHERE (id_objeto = ?) {1: 6};
2022-05-08 20:32:09 jdbc[3]: 
/**/ResultSetMetaData rsMeta64 = rs51.getMetaData();
2022-05-08 20:32:09 jdbc[3]: 
/**/conn0.getCatalog();
2022-05-08 20:32:09 jdbc[3]: 
/**/rsMeta64.getColumnCount();
2022-05-08 20:32:09 jdbc[3]: 
/**/rs51.next();
2022-05-08 20:32:09 jdbc[3]: 
/**/rs51.close();
2022-05-08 20:32:09 jdbc[3]: 
/**/prep137.close();
2022-05-08 20:32:09 jdbc[3]: 
/**/conn0.setClientInfo(properties);
2022-05-08 20:32:09 jdbc[3]: 
/**/conn0.getClientInfo();
2022-05-08 20:32:09 jdbc[3]: 
/**/PreparedStatement prep138 = conn0.prepareStatement("SELECT id_objeto_estado, actual, fecha_alcanzado, observaciones, id_estado, id_objeto FROM public.objeto_estado WHERE (id_objeto = ?)", 1003, 1007);
2022-05-08 20:32:09 jdbc[3]: 
/**/prep138.setLong(1, 7L);
2022-05-08 20:32:09 jdbc[3]: 
/**/ResultSet rs52 = prep138.executeQuery();
2022-05-08 20:32:09 jdbc[3]: 
/*SQL l:133*/SELECT id_objeto_estado, actual, fecha_alcanzado, observaciones, id_estado, id_objeto FROM public.objeto_estado WHERE (id_objeto = ?) {1: 7};
2022-05-08 20:32:09 jdbc[3]: 
/**/ResultSetMetaData rsMeta65 = rs52.getMetaData();
2022-05-08 20:32:09 jdbc[3]: 
/**/conn0.getCatalog();
2022-05-08 20:32:09 jdbc[3]: 
/**/rsMeta65.getColumnCount();
2022-05-08 20:32:09 jdbc[3]: 
/**/rs52.next();
2022-05-08 20:32:09 jdbc[3]: 
/**/rs52.close();
2022-05-08 20:32:09 jdbc[3]: 
/**/prep138.close();
2022-05-08 20:32:09 jdbc[3]: 
/**/conn0.setClientInfo(properties);
2022-05-08 20:32:09 jdbc[3]: 
/**/conn0.getClientInfo();
2022-05-08 20:32:09 jdbc[3]: 
/**/PreparedStatement prep139 = conn0.prepareStatement("SELECT id_objeto_estado, actual, fecha_alcanzado, observaciones, id_estado, id_objeto FROM public.objeto_estado WHERE (id_objeto = ?)", 1003, 1007);
2022-05-08 20:32:09 jdbc[3]: 
/**/prep139.setLong(1, 8L);
2022-05-08 20:32:09 jdbc[3]: 
/**/ResultSet rs53 = prep139.executeQuery();
2022-05-08 20:32:09 jdbc[3]: 
/*SQL l:133*/SELECT id_objeto_estado, actual, fecha_alcanzado, observaciones, id_estado, id_objeto FROM public.objeto_estado WHERE (id_objeto = ?) {1: 8};
2022-05-08 20:32:09 jdbc[3]: 
/**/ResultSetMetaData rsMeta66 = rs53.getMetaData();
2022-05-08 20:32:09 jdbc[3]: 
/**/conn0.getCatalog();
2022-05-08 20:32:09 jdbc[3]: 
/**/rsMeta66.getColumnCount();
2022-05-08 20:32:09 jdbc[3]: 
/**/rs53.next();
2022-05-08 20:32:09 jdbc[3]: 
/**/rs53.close();
2022-05-08 20:32:09 jdbc[3]: 
/**/prep139.close();
2022-05-08 20:32:09 jdbc[3]: 
/**/conn0.setClientInfo(properties);
2022-05-08 20:32:09 jdbc[3]: 
/**/conn0.getClientInfo();
2022-05-08 20:32:09 jdbc[3]: 
/**/PreparedStatement prep140 = conn0.prepareStatement("SELECT id_objeto_estado, actual, fecha_alcanzado, observaciones, id_estado, id_objeto FROM public.objeto_estado WHERE (id_objeto = ?)", 1003, 1007);
2022-05-08 20:32:09 jdbc[3]: 
/**/prep140.setLong(1, 9L);
2022-05-08 20:32:09 jdbc[3]: 
/**/ResultSet rs54 = prep140.executeQuery();
2022-05-08 20:32:09 jdbc[3]: 
/*SQL l:133*/SELECT id_objeto_estado, actual, fecha_alcanzado, observaciones, id_estado, id_objeto FROM public.objeto_estado WHERE (id_objeto = ?) {1: 9};
2022-05-08 20:32:09 jdbc[3]: 
/**/ResultSetMetaData rsMeta67 = rs54.getMetaData();
2022-05-08 20:32:09 jdbc[3]: 
/**/conn0.getCatalog();
2022-05-08 20:32:09 jdbc[3]: 
/**/rsMeta67.getColumnCount();
2022-05-08 20:32:09 jdbc[3]: 
/**/rs54.next();
2022-05-08 20:32:09 jdbc[3]: 
/**/rs54.close();
2022-05-08 20:32:09 jdbc[3]: 
/**/prep140.close();
2022-05-08 20:32:09 jdbc[3]: 
/**/conn0.setClientInfo(properties);
2022-05-08 20:32:09 jdbc[3]: 
/**/conn0.getClientInfo();
2022-05-08 20:32:09 jdbc[3]: 
/**/PreparedStatement prep141 = conn0.prepareStatement("SELECT id_objeto_estado, actual, fecha_alcanzado, observaciones, id_estado, id_objeto FROM public.objeto_estado WHERE (id_objeto = ?)", 1003, 1007);
2022-05-08 20:32:09 jdbc[3]: 
/**/prep141.setLong(1, 10L);
2022-05-08 20:32:09 jdbc[3]: 
/**/ResultSet rs55 = prep141.executeQuery();
2022-05-08 20:32:09 jdbc[3]: 
/*SQL l:133*/SELECT id_objeto_estado, actual, fecha_alcanzado, observaciones, id_estado, id_objeto FROM public.objeto_estado WHERE (id_objeto = ?) {1: 10};
2022-05-08 20:32:09 jdbc[3]: 
/**/ResultSetMetaData rsMeta68 = rs55.getMetaData();
2022-05-08 20:32:09 jdbc[3]: 
/**/conn0.getCatalog();
2022-05-08 20:32:09 jdbc[3]: 
/**/rsMeta68.getColumnCount();
2022-05-08 20:32:09 jdbc[3]: 
/**/rs55.next();
2022-05-08 20:32:09 jdbc[3]: 
/**/rs55.close();
2022-05-08 20:32:09 jdbc[3]: 
/**/prep141.close();
2022-05-08 20:32:09 jdbc[3]: 
/**/conn0.setClientInfo(properties);
2022-05-08 20:32:09 jdbc[3]: 
/**/conn0.getClientInfo();
2022-05-08 20:32:09 jdbc[3]: 
/**/PreparedStatement prep142 = conn0.prepareStatement("SELECT id_objeto_estado, actual, fecha_alcanzado, observaciones, id_estado, id_objeto FROM public.objeto_estado WHERE (id_objeto = ?)", 1003, 1007);
2022-05-08 20:32:09 jdbc[3]: 
/**/prep142.setLong(1, 11L);
2022-05-08 20:32:09 jdbc[3]: 
/**/ResultSet rs56 = prep142.executeQuery();
2022-05-08 20:32:09 jdbc[3]: 
/*SQL l:133*/SELECT id_objeto_estado, actual, fecha_alcanzado, observaciones, id_estado, id_objeto FROM public.objeto_estado WHERE (id_objeto = ?) {1: 11};
2022-05-08 20:32:09 jdbc[3]: 
/**/ResultSetMetaData rsMeta69 = rs56.getMetaData();
2022-05-08 20:32:09 jdbc[3]: 
/**/conn0.getCatalog();
2022-05-08 20:32:09 jdbc[3]: 
/**/rsMeta69.getColumnCount();
2022-05-08 20:32:09 jdbc[3]: 
/**/rs56.next();
2022-05-08 20:32:09 jdbc[3]: 
/**/rs56.close();
2022-05-08 20:32:09 jdbc[3]: 
/**/prep142.close();
2022-05-08 20:32:09 jdbc[3]: 
/**/conn0.setClientInfo(properties);
2022-05-08 20:32:09 jdbc[3]: 
/**/conn0.getClientInfo();
2022-05-08 20:32:09 jdbc[3]: 
/**/PreparedStatement prep143 = conn0.prepareStatement("SELECT id_objeto_estado, actual, fecha_alcanzado, observaciones, id_estado, id_objeto FROM public.objeto_estado WHERE (id_objeto = ?)", 1003, 1007);
2022-05-08 20:32:09 jdbc[3]: 
/**/prep143.setLong(1, 12L);
2022-05-08 20:32:09 jdbc[3]: 
/**/ResultSet rs57 = prep143.executeQuery();
2022-05-08 20:32:09 jdbc[3]: 
/*SQL l:133*/SELECT id_objeto_estado, actual, fecha_alcanzado, observaciones, id_estado, id_objeto FROM public.objeto_estado WHERE (id_objeto = ?) {1: 12};
2022-05-08 20:32:09 jdbc[3]: 
/**/ResultSetMetaData rsMeta70 = rs57.getMetaData();
2022-05-08 20:32:09 jdbc[3]: 
/**/conn0.getCatalog();
2022-05-08 20:32:09 jdbc[3]: 
/**/rsMeta70.getColumnCount();
2022-05-08 20:32:09 jdbc[3]: 
/**/rs57.next();
2022-05-08 20:32:09 jdbc[3]: 
/**/rs57.close();
2022-05-08 20:32:09 jdbc[3]: 
/**/prep143.close();
2022-05-08 20:32:09 jdbc[3]: 
/**/conn0.setClientInfo(properties);
Total: 12



ID: 1
ID: 2
ID: 3
ID: 4
ID: 5
ID: 6
ID: 7
ID: 8
ID: 9
ID: 10
ID: 11
ID: 12



]]></system-out>
    <system-err><![CDATA[may. 08, 2022 8:32:07 P. M. org.glassfish.hk2.classmodel.reflect.Parser awaitTermination
INFORMACIÓN: visiting unvisited references
may. 08, 2022 8:32:07 P. M. org.glassfish.hk2.classmodel.reflect.Parser awaitTermination
INFORMACIÓN: visiting unvisited references
may. 08, 2022 8:32:07 P. M. org.glassfish.hk2.classmodel.reflect.Parser awaitTermination
INFORMACIÓN: visiting unvisited references
may. 08, 2022 8:32:07 P. M. org.glassfish.hk2.classmodel.reflect.Parser awaitTermination
INFORMACIÓN: visiting unvisited references
may. 08, 2022 8:32:07 P. M. org.glassfish.hk2.classmodel.reflect.Parser awaitTermination
INFORMACIÓN: visiting unvisited references
may. 08, 2022 8:32:07 P. M. org.glassfish.hk2.classmodel.reflect.Parser awaitTermination
INFORMACIÓN: visiting unvisited references
may. 08, 2022 8:32:07 P. M. org.glassfish.hk2.classmodel.reflect.Parser awaitTermination
INFORMACIÓN: visiting unvisited references
may. 08, 2022 8:32:07 P. M. org.glassfish.hk2.classmodel.reflect.Parser awaitTermination
INFORMACIÓN: visiting unvisited references
may. 08, 2022 8:32:07 P. M. org.glassfish.hk2.classmodel.reflect.Parser awaitTermination
INFORMACIÓN: visiting unvisited references
may. 08, 2022 8:32:07 P. M. org.glassfish.hk2.classmodel.reflect.Parser awaitTermination
INFORMACIÓN: visiting unvisited references
may. 08, 2022 8:32:07 P. M. org.glassfish.hk2.classmodel.reflect.Parser awaitTermination
INFORMACIÓN: visiting unvisited references
may. 08, 2022 8:32:07 P. M. org.eclipse.persistence.session./file:/tmp/gfembed835867623391004339tmp/applications/8bb2e0c0-e565-453a-82eb-0f93d0b7f67c/WEB-INF/classes/_Baches_PU
INFORMACIÓN: EclipseLink, version: Eclipse Persistence Services - 2.7.9.payara-p1
may. 08, 2022 8:32:08 P. M. com.sun.logging.LogDomains getResourceBundle
INFORMACIÓN: Cannot find the resource bundle for the name com.sun.logging.enterprise.system.util for class com.sun.appserv.ClassLoaderUtil using jdk.internal.loader.ClassLoaders$AppClassLoader@3d4eac69
may. 08, 2022 8:32:08 P. M. com.sun.appserv.ClassLoaderUtil releaseLoader
ADVERTENCIA: classloaderutil.errorReleasingLoader
java.lang.reflect.InaccessibleObjectException: Unable to make field private final java.util.ArrayList jdk.internal.loader.URLClassPath.loaders accessible: module java.base does not "opens jdk.internal.loader" to unnamed module @f2a0b8e
	at java.base/java.lang.reflect.AccessibleObject.checkCanSetAccessible(AccessibleObject.java:340)
	at java.base/java.lang.reflect.AccessibleObject.checkCanSetAccessible(AccessibleObject.java:280)
	at java.base/java.lang.reflect.Field.checkCanSetAccessible(Field.java:176)
	at java.base/java.lang.reflect.Field.setAccessible(Field.java:170)
	at com.sun.appserv.ClassLoaderUtil.getField(ClassLoaderUtil.java:308)
	at com.sun.appserv.ClassLoaderUtil.initForClosingJars(ClassLoaderUtil.java:290)
	at com.sun.appserv.ClassLoaderUtil.init(ClassLoaderUtil.java:263)
	at com.sun.appserv.ClassLoaderUtil.releaseLoader(ClassLoaderUtil.java:139)
	at com.sun.appserv.ClassLoaderUtil.releaseLoader(ClassLoaderUtil.java:111)
	at org.glassfish.web.loader.WebappClassLoader.stop(WebappClassLoader.java:2000)
	at org.glassfish.web.loader.WebappClassLoader.preDestroy(WebappClassLoader.java:1961)
	at org.glassfish.deployment.common.DeploymentContextImpl.getClassLoader(DeploymentContextImpl.java:293)
	at org.glassfish.deployment.common.DeploymentContextImpl.getClassLoader(DeploymentContextImpl.java:235)
	at com.sun.enterprise.v3.server.ApplicationLifecycle.prepare(ApplicationLifecycle.java:561)
	at org.glassfish.deployment.admin.DeployCommand.execute(DeployCommand.java:588)
	at com.sun.enterprise.v3.admin.CommandRunnerImpl$2$1.run(CommandRunnerImpl.java:556)
	at com.sun.enterprise.v3.admin.CommandRunnerImpl$2$1.run(CommandRunnerImpl.java:552)
	at java.base/java.security.AccessController.doPrivileged(Native Method)
	at java.base/javax.security.auth.Subject.doAs(Subject.java:361)
	at com.sun.enterprise.v3.admin.CommandRunnerImpl$2.execute(CommandRunnerImpl.java:551)
	at com.sun.enterprise.v3.admin.CommandRunnerImpl$3.run(CommandRunnerImpl.java:582)
	at com.sun.enterprise.v3.admin.CommandRunnerImpl$3.run(CommandRunnerImpl.java:574)
	at java.base/java.security.AccessController.doPrivileged(Native Method)
	at java.base/javax.security.auth.Subject.doAs(Subject.java:361)
	at com.sun.enterprise.v3.admin.CommandRunnerImpl.doCommand(CommandRunnerImpl.java:573)
	at com.sun.enterprise.v3.admin.CommandRunnerImpl.doCommand(CommandRunnerImpl.java:1497)
	at com.sun.enterprise.v3.admin.CommandRunnerImpl.access$1300(CommandRunnerImpl.java:120)
	at com.sun.enterprise.v3.admin.CommandRunnerImpl$ExecutionContext.execute(CommandRunnerImpl.java:1879)
	at com.sun.enterprise.v3.admin.CommandRunnerImpl$ExecutionContext.execute(CommandRunnerImpl.java:1755)
	at com.sun.enterprise.admin.cli.embeddable.DeployerImpl.deploy(DeployerImpl.java:131)
	at com.sun.enterprise.admin.cli.embeddable.DeployerImpl.deploy(DeployerImpl.java:104)
	at fish.payara.arquillian.container.payara.embedded.PayaraContainer.deploy(PayaraContainer.java:236)
	at org.jboss.arquillian.container.impl.client.container.ContainerDeployController$3.call(ContainerDeployController.java:151)
	at org.jboss.arquillian.container.impl.client.container.ContainerDeployController$3.call(ContainerDeployController.java:118)
	at org.jboss.arquillian.container.impl.client.container.ContainerDeployController.executeOperation(ContainerDeployController.java:239)
	at org.jboss.arquillian.container.impl.client.container.ContainerDeployController.deploy(ContainerDeployController.java:118)
	at java.base/jdk.internal.reflect.NativeMethodAccessorImpl.invoke0(Native Method)
	at java.base/jdk.internal.reflect.NativeMethodAccessorImpl.invoke(NativeMethodAccessorImpl.java:62)
	at java.base/jdk.internal.reflect.DelegatingMethodAccessorImpl.invoke(DelegatingMethodAccessorImpl.java:43)
	at java.base/java.lang.reflect.Method.invoke(Method.java:566)
	at org.jboss.arquillian.core.impl.ObserverImpl.invoke(ObserverImpl.java:86)
	at org.jboss.arquillian.core.impl.EventContextImpl.invokeObservers(EventContextImpl.java:103)
	at org.jboss.arquillian.core.impl.EventContextImpl.proceed(EventContextImpl.java:90)
	at org.jboss.arquillian.container.impl.client.ContainerDeploymentContextHandler.createDeploymentContext(ContainerDeploymentContextHandler.java:71)
	at java.base/jdk.internal.reflect.NativeMethodAccessorImpl.invoke0(Native Method)
	at java.base/jdk.internal.reflect.NativeMethodAccessorImpl.invoke(NativeMethodAccessorImpl.java:62)
	at java.base/jdk.internal.reflect.DelegatingMethodAccessorImpl.invoke(DelegatingMethodAccessorImpl.java:43)
	at java.base/java.lang.reflect.Method.invoke(Method.java:566)
	at org.jboss.arquillian.core.impl.ObserverImpl.invoke(ObserverImpl.java:86)
	at org.jboss.arquillian.core.impl.EventContextImpl.proceed(EventContextImpl.java:95)
	at org.jboss.arquillian.container.impl.client.ContainerDeploymentContextHandler.createContainerContext(ContainerDeploymentContextHandler.java:54)
	at java.base/jdk.internal.reflect.NativeMethodAccessorImpl.invoke0(Native Method)
	at java.base/jdk.internal.reflect.NativeMethodAccessorImpl.invoke(NativeMethodAccessorImpl.java:62)
	at java.base/jdk.internal.reflect.DelegatingMethodAccessorImpl.invoke(DelegatingMethodAccessorImpl.java:43)
	at java.base/java.lang.reflect.Method.invoke(Method.java:566)
	at org.jboss.arquillian.core.impl.ObserverImpl.invoke(ObserverImpl.java:86)
	at org.jboss.arquillian.core.impl.EventContextImpl.proceed(EventContextImpl.java:95)
	at org.jboss.arquillian.container.impl.client.container.DeploymentExceptionHandler.verifyExpectedExceptionDuringDeploy(DeploymentExceptionHandler.java:47)
	at java.base/jdk.internal.reflect.NativeMethodAccessorImpl.invoke0(Native Method)
	at java.base/jdk.internal.reflect.NativeMethodAccessorImpl.invoke(NativeMethodAccessorImpl.java:62)
	at java.base/jdk.internal.reflect.DelegatingMethodAccessorImpl.invoke(DelegatingMethodAccessorImpl.java:43)
	at java.base/java.lang.reflect.Method.invoke(Method.java:566)
	at org.jboss.arquillian.core.impl.ObserverImpl.invoke(ObserverImpl.java:86)
	at org.jboss.arquillian.core.impl.EventContextImpl.proceed(EventContextImpl.java:95)
	at org.jboss.arquillian.core.impl.ManagerImpl.fire(ManagerImpl.java:133)
	at org.jboss.arquillian.core.impl.ManagerImpl.fire(ManagerImpl.java:105)
	at org.jboss.arquillian.core.impl.EventImpl.fire(EventImpl.java:62)
	at org.jboss.arquillian.container.impl.client.container.ContainerDeployController$1.perform(ContainerDeployController.java:92)
	at org.jboss.arquillian.container.impl.client.container.ContainerDeployController$1.perform(ContainerDeployController.java:77)
	at org.jboss.arquillian.container.impl.client.container.ContainerDeployController.forEachDeployment(ContainerDeployController.java:232)
	at org.jboss.arquillian.container.impl.client.container.ContainerDeployController.forEachManagedDeployment(ContainerDeployController.java:212)
	at org.jboss.arquillian.container.impl.client.container.ContainerDeployController.deployManaged(ContainerDeployController.java:77)
	at java.base/jdk.internal.reflect.NativeMethodAccessorImpl.invoke0(Native Method)
	at java.base/jdk.internal.reflect.NativeMethodAccessorImpl.invoke(NativeMethodAccessorImpl.java:62)
	at java.base/jdk.internal.reflect.DelegatingMethodAccessorImpl.invoke(DelegatingMethodAccessorImpl.java:43)
	at java.base/java.lang.reflect.Method.invoke(Method.java:566)
	at org.jboss.arquillian.core.impl.ObserverImpl.invoke(ObserverImpl.java:86)
	at org.jboss.arquillian.core.impl.EventContextImpl.invokeObservers(EventContextImpl.java:103)
	at org.jboss.arquillian.core.impl.EventContextImpl.proceed(EventContextImpl.java:90)
	at org.jboss.arquillian.core.impl.ManagerImpl.fire(ManagerImpl.java:133)
	at org.jboss.arquillian.core.impl.ManagerImpl.fire(ManagerImpl.java:105)
	at org.jboss.arquillian.core.impl.EventImpl.fire(EventImpl.java:62)
	at org.jboss.arquillian.container.test.impl.client.ContainerEventController.execute(ContainerEventController.java:96)
	at java.base/jdk.internal.reflect.NativeMethodAccessorImpl.invoke0(Native Method)
	at java.base/jdk.internal.reflect.NativeMethodAccessorImpl.invoke(NativeMethodAccessorImpl.java:62)
	at java.base/jdk.internal.reflect.DelegatingMethodAccessorImpl.invoke(DelegatingMethodAccessorImpl.java:43)
	at java.base/java.lang.reflect.Method.invoke(Method.java:566)
	at org.jboss.arquillian.core.impl.ObserverImpl.invoke(ObserverImpl.java:86)
	at org.jboss.arquillian.core.impl.EventContextImpl.invokeObservers(EventContextImpl.java:103)
	at org.jboss.arquillian.core.impl.EventContextImpl.proceed(EventContextImpl.java:90)
	at org.jboss.arquillian.test.impl.TestContextHandler.createClassContext(TestContextHandler.java:83)
	at jdk.internal.reflect.GeneratedMethodAccessor73.invoke(Unknown Source)
	at java.base/jdk.internal.reflect.DelegatingMethodAccessorImpl.invoke(DelegatingMethodAccessorImpl.java:43)
	at java.base/java.lang.reflect.Method.invoke(Method.java:566)
	at org.jboss.arquillian.core.impl.ObserverImpl.invoke(ObserverImpl.java:86)
	at org.jboss.arquillian.core.impl.EventContextImpl.proceed(EventContextImpl.java:95)
	at org.jboss.arquillian.test.impl.TestContextHandler.createSuiteContext(TestContextHandler.java:69)
	at jdk.internal.reflect.GeneratedMethodAccessor72.invoke(Unknown Source)
	at java.base/jdk.internal.reflect.DelegatingMethodAccessorImpl.invoke(DelegatingMethodAccessorImpl.java:43)
	at java.base/java.lang.reflect.Method.invoke(Method.java:566)
	at org.jboss.arquillian.core.impl.ObserverImpl.invoke(ObserverImpl.java:86)
	at org.jboss.arquillian.core.impl.EventContextImpl.proceed(EventContextImpl.java:95)
	at org.jboss.arquillian.core.impl.ManagerImpl.fire(ManagerImpl.java:133)
	at org.jboss.arquillian.core.impl.ManagerImpl.fire(ManagerImpl.java:105)
	at org.jboss.arquillian.test.impl.EventTestRunnerAdaptor.beforeClass(EventTestRunnerAdaptor.java:89)
	at org.jboss.arquillian.junit5.ArquillianExtension.beforeAll(ArquillianExtension.java:35)
	at org.junit.jupiter.engine.descriptor.ClassBasedTestDescriptor.lambda$invokeBeforeAllCallbacks$7(ClassBasedTestDescriptor.java:359)
	at org.junit.platform.engine.support.hierarchical.ThrowableCollector.execute(ThrowableCollector.java:73)
	at org.junit.jupiter.engine.descriptor.ClassBasedTestDescriptor.invokeBeforeAllCallbacks(ClassBasedTestDescriptor.java:359)
	at org.junit.jupiter.engine.descriptor.ClassBasedTestDescriptor.before(ClassBasedTestDescriptor.java:189)
	at org.junit.jupiter.engine.descriptor.ClassBasedTestDescriptor.before(ClassBasedTestDescriptor.java:78)
	at org.junit.platform.engine.support.hierarchical.NodeTestTask.lambda$executeRecursively$5(NodeTestTask.java:132)
	at org.junit.platform.engine.support.hierarchical.ThrowableCollector.execute(ThrowableCollector.java:73)
	at org.junit.platform.engine.support.hierarchical.NodeTestTask.lambda$executeRecursively$7(NodeTestTask.java:125)
	at org.junit.platform.engine.support.hierarchical.Node.around(Node.java:135)
	at org.junit.platform.engine.support.hierarchical.NodeTestTask.lambda$executeRecursively$8(NodeTestTask.java:123)
	at org.junit.platform.engine.support.hierarchical.ThrowableCollector.execute(ThrowableCollector.java:73)
	at org.junit.platform.engine.support.hierarchical.NodeTestTask.executeRecursively(NodeTestTask.java:122)
	at org.junit.platform.engine.support.hierarchical.NodeTestTask.execute(NodeTestTask.java:80)
	at java.base/java.util.ArrayList.forEach(ArrayList.java:1541)
	at org.junit.platform.engine.support.hierarchical.SameThreadHierarchicalTestExecutorService.invokeAll(SameThreadHierarchicalTestExecutorService.java:38)
	at org.junit.platform.engine.support.hierarchical.NodeTestTask.lambda$executeRecursively$5(NodeTestTask.java:139)
	at org.junit.platform.engine.support.hierarchical.ThrowableCollector.execute(ThrowableCollector.java:73)
	at org.junit.platform.engine.support.hierarchical.NodeTestTask.lambda$executeRecursively$7(NodeTestTask.java:125)
	at org.junit.platform.engine.support.hierarchical.Node.around(Node.java:135)
	at org.junit.platform.engine.support.hierarchical.NodeTestTask.lambda$executeRecursively$8(NodeTestTask.java:123)
	at org.junit.platform.engine.support.hierarchical.ThrowableCollector.execute(ThrowableCollector.java:73)
	at org.junit.platform.engine.support.hierarchical.NodeTestTask.executeRecursively(NodeTestTask.java:122)
	at org.junit.platform.engine.support.hierarchical.NodeTestTask.execute(NodeTestTask.java:80)
	at org.junit.platform.engine.support.hierarchical.SameThreadHierarchicalTestExecutorService.submit(SameThreadHierarchicalTestExecutorService.java:32)
	at org.junit.platform.engine.support.hierarchical.HierarchicalTestExecutor.execute(HierarchicalTestExecutor.java:57)
	at org.junit.platform.engine.support.hierarchical.HierarchicalTestEngine.execute(HierarchicalTestEngine.java:51)
	at org.junit.platform.launcher.core.DefaultLauncher.execute(DefaultLauncher.java:248)
	at org.junit.platform.launcher.core.DefaultLauncher.lambda$execute$5(DefaultLauncher.java:211)
	at org.junit.platform.launcher.core.DefaultLauncher.withInterceptedStreams(DefaultLauncher.java:226)
	at org.junit.platform.launcher.core.DefaultLauncher.execute(DefaultLauncher.java:199)
	at org.junit.platform.launcher.core.DefaultLauncher.execute(DefaultLauncher.java:132)
	at org.apache.maven.surefire.junitplatform.JUnitPlatformProvider.execute(JUnitPlatformProvider.java:188)
	at org.apache.maven.surefire.junitplatform.JUnitPlatformProvider.invokeAllTests(JUnitPlatformProvider.java:154)
	at org.apache.maven.surefire.junitplatform.JUnitPlatformProvider.invoke(JUnitPlatformProvider.java:128)
	at org.apache.maven.surefire.booter.ForkedBooter.runSuitesInProcess(ForkedBooter.java:428)
	at org.apache.maven.surefire.booter.ForkedBooter.execute(ForkedBooter.java:162)
	at org.apache.maven.surefire.booter.ForkedBooter.run(ForkedBooter.java:562)
	at org.apache.maven.surefire.booter.ForkedBooter.main(ForkedBooter.java:548)

may. 08, 2022 8:32:08 P. M. com.sun.ejb.containers.BaseContainer initializeHome
INFORMACIÓN: Portable JNDI names for EJB ObjetoBean: [java:global/8bb2e0c0-e565-453a-82eb-0f93d0b7f67c/ObjetoBean, java:global/8bb2e0c0-e565-453a-82eb-0f93d0b7f67c/ObjetoBean!com.mycompany.baches.control.ObjetoBean]
may. 08, 2022 8:32:09 P. M. fish.payara.micro.cdi.extension.ClusteredCDIEventBusImpl postConstruct
INFORMACIÓN: Clustered CDI Event bus initialized
may. 08, 2022 8:32:09 P. M. org.glassfish.soteria.servlet.SamRegistrationInstaller onStartup
INFORMACIÓN: Initializing Soteria null for context '/8bb2e0c0-e565-453a-82eb-0f93d0b7f67c'
may. 08, 2022 8:32:09 P. M. com.sun.enterprise.web.WebApplication start
INFORMACIÓN: Loading application [8bb2e0c0-e565-453a-82eb-0f93d0b7f67c] at [/8bb2e0c0-e565-453a-82eb-0f93d0b7f67c]
may. 08, 2022 8:32:09 P. M. org.glassfish.deployment.admin.DeployCommand execute
INFORMACIÓN: 8bb2e0c0-e565-453a-82eb-0f93d0b7f67c was successfully deployed in 2,359 milliseconds.
]]></system-err>
  </testcase>
  <testcase name="testModificar" classname="com.mycompany.baches.resources.ObjetoResourceIT" time="0.15">
    <system-out><![CDATA[

*************************************************************
Modificar Objeto
2022-05-08 20:32:10 jdbc[3]: 
/**/conn0.getClientInfo();
2022-05-08 20:32:10 jdbc[3]: 
/**/conn0.setAutoCommit(false);
2022-05-08 20:32:10 jdbc[3]: 
/**/PreparedStatement prep144 = conn0.prepareStatement("INSERT INTO public.objeto (latitud, longitud, nombre, observaciones, id_tipo_objeto) VALUES (?, ?, ?, ?, ?)", 1003, 1007);
2022-05-08 20:32:10 jdbc[3]: 
/**/prep144.setBigDecimal(1, new BigDecimal("6.12345678899999956712463244912214577198028564453125"));
2022-05-08 20:32:10 jdbc[3]: 
/**/prep144.setBigDecimal(2, new BigDecimal("5.87997979970000006488817234640009701251983642578125"));
2022-05-08 20:32:10 jdbc[3]: 
/**/prep144.setNull(3, 12);
2022-05-08 20:32:10 jdbc[3]: 
/**/prep144.setNull(4, 12);
2022-05-08 20:32:10 jdbc[3]: 
/**/prep144.setNull(5, 4);
2022-05-08 20:32:10 jdbc[3]: 
/**/prep144.executeUpdate();
2022-05-08 20:32:10 lock: 3 shared read lock requesting for OBJETO 
2022-05-08 20:32:10 lock: 3 shared read lock ok OBJETO 
2022-05-08 20:32:10 jdbc[3]: 
/*SQL l:107 #:1 t:6*/INSERT INTO public.objeto (latitud, longitud, nombre, observaciones, id_tipo_objeto) VALUES (?, ?, ?, ?, ?) {1: 6.12345678899999956712463244912214577198028564453125, 2: 5.87997979970000006488817234640009701251983642578125, 3: NULL, 4: NULL, 5: NULL};
2022-05-08 20:32:10 jdbc[3]: 
/**/prep144.close();
2022-05-08 20:32:10 jdbc[3]: 
/**/PreparedStatement prep145 = conn0.prepareStatement("CALL IDENTITY()", 1003, 1007);
2022-05-08 20:32:10 jdbc[3]: 
/**/ResultSet rs58 = prep145.executeQuery();
2022-05-08 20:32:10 jdbc[3]: 
/*SQL #:1*/CALL IDENTITY();
2022-05-08 20:32:10 jdbc[3]: 
/**/ResultSetMetaData rsMeta71 = rs58.getMetaData();
2022-05-08 20:32:10 jdbc[3]: 
/**/conn0.getCatalog();
2022-05-08 20:32:10 jdbc[3]: 
/**/rsMeta71.getColumnCount();
2022-05-08 20:32:10 jdbc[3]: 
/**/rsMeta71.getColumnCount();
2022-05-08 20:32:10 jdbc[3]: 
/**/rsMeta71.getColumnLabel(1);
2022-05-08 20:32:10 jdbc[3]: 
/**/rsMeta71.getColumnCount();
2022-05-08 20:32:10 jdbc[3]: 
/**/ResultSetMetaData rsMeta72 = rs58.getMetaData();
2022-05-08 20:32:10 jdbc[3]: 
/**/conn0.getCatalog();
2022-05-08 20:32:10 jdbc[3]: 
/**/rsMeta72.getColumnCount();
2022-05-08 20:32:10 jdbc[3]: 
/**/rs58.next();
2022-05-08 20:32:10 jdbc[3]: 
/**/rsMeta72.getColumnType(1);
2022-05-08 20:32:10 jdbc[3]: 
/**/rs58.getObject(1);
2022-05-08 20:32:10 jdbc[3]: 
/**/rs58.next();
2022-05-08 20:32:10 jdbc[3]: 
/**/rs58.close();
2022-05-08 20:32:10 jdbc[3]: 
/**/prep145.close();
2022-05-08 20:32:10 jdbc[3]: 
/**/conn0.setClientInfo(properties);
2022-05-08 20:32:10 jdbc[3]: 
/**/conn0.commit();
2022-05-08 20:32:10 lock: 3 shared read lock unlock OBJETO 
2022-05-08 20:32:10 jdbc[3]: 
/*SQL */COMMIT;
2022-05-08 20:32:10 jdbc[3]: 
/**/conn0.setAutoCommit(true);
2022-05-08 20:32:10 jdbc[3]: 
/**/conn0.commit();
2022-05-08 20:32:10 jdbc[3]: 
/*SQL */COMMIT;



Modificado {"latitud":6.12345678899999956712463244912214577198028564453125,"longitud":5.87997979970000006488817234640009701251983642578125,"objetoEstadoList":[]}



]]></system-out>
  </testcase>
  <testcase name="testCrear" classname="com.mycompany.baches.resources.ObjetoResourceIT" time="0.131">
    <system-out><![CDATA[


Crear TipoObjeto
2022-05-08 20:32:10 jdbc[3]: 
/**/conn0.getClientInfo();
2022-05-08 20:32:10 jdbc[3]: 
/**/conn0.setAutoCommit(false);
2022-05-08 20:32:10 jdbc[3]: 
/**/PreparedStatement prep146 = conn0.prepareStatement("INSERT INTO public.objeto (latitud, longitud, nombre, observaciones, id_tipo_objeto) VALUES (?, ?, ?, ?, ?)", 1003, 1007);
2022-05-08 20:32:10 jdbc[3]: 
/**/prep146.setBigDecimal(1, new BigDecimal("10"));
2022-05-08 20:32:10 jdbc[3]: 
/**/prep146.setBigDecimal(2, new BigDecimal("4.746656"));
2022-05-08 20:32:10 jdbc[3]: 
/**/prep146.setString(3, "nuevoRegistro");
2022-05-08 20:32:10 jdbc[3]: 
/**/prep146.setNull(4, 12);
2022-05-08 20:32:10 jdbc[3]: 
/**/prep146.setNull(5, 4);
2022-05-08 20:32:10 jdbc[3]: 
/**/prep146.executeUpdate();
2022-05-08 20:32:10 lock: 3 shared read lock requesting for OBJETO 
2022-05-08 20:32:10 lock: 3 shared read lock ok OBJETO 
2022-05-08 20:32:10 jdbc[3]: 
/*SQL l:107 #:1*/INSERT INTO public.objeto (latitud, longitud, nombre, observaciones, id_tipo_objeto) VALUES (?, ?, ?, ?, ?) {1: 10, 2: 4.746656, 3: 'nuevoRegistro', 4: NULL, 5: NULL};
2022-05-08 20:32:10 jdbc[3]: 
/**/prep146.close();
2022-05-08 20:32:10 jdbc[3]: 
/**/PreparedStatement prep147 = conn0.prepareStatement("CALL IDENTITY()", 1003, 1007);
2022-05-08 20:32:10 jdbc[3]: 
/**/ResultSet rs59 = prep147.executeQuery();
2022-05-08 20:32:10 jdbc[3]: 
/*SQL #:1*/CALL IDENTITY();
2022-05-08 20:32:10 jdbc[3]: 
/**/ResultSetMetaData rsMeta73 = rs59.getMetaData();
2022-05-08 20:32:10 jdbc[3]: 
/**/conn0.getCatalog();
2022-05-08 20:32:10 jdbc[3]: 
/**/rsMeta73.getColumnCount();
2022-05-08 20:32:10 jdbc[3]: 
/**/rsMeta73.getColumnCount();
2022-05-08 20:32:10 jdbc[3]: 
/**/rsMeta73.getColumnLabel(1);
2022-05-08 20:32:10 jdbc[3]: 
/**/rsMeta73.getColumnCount();
2022-05-08 20:32:10 jdbc[3]: 
/**/ResultSetMetaData rsMeta74 = rs59.getMetaData();
2022-05-08 20:32:10 jdbc[3]: 
/**/conn0.getCatalog();
2022-05-08 20:32:10 jdbc[3]: 
/**/rsMeta74.getColumnCount();
2022-05-08 20:32:10 jdbc[3]: 
/**/rs59.next();
2022-05-08 20:32:10 jdbc[3]: 
/**/rsMeta74.getColumnType(1);
2022-05-08 20:32:10 jdbc[3]: 
/**/rs59.getObject(1);
2022-05-08 20:32:10 jdbc[3]: 
/**/rs59.next();
2022-05-08 20:32:10 jdbc[3]: 
/**/rs59.close();
2022-05-08 20:32:10 jdbc[3]: 
/**/prep147.close();
2022-05-08 20:32:10 jdbc[3]: 
/**/conn0.setClientInfo(properties);
2022-05-08 20:32:10 jdbc[3]: 
/**/conn0.commit();
2022-05-08 20:32:10 lock: 3 shared read lock unlock OBJETO 
2022-05-08 20:32:10 jdbc[3]: 
/*SQL */COMMIT;
2022-05-08 20:32:10 jdbc[3]: 
/**/conn0.setAutoCommit(true);
2022-05-08 20:32:10 jdbc[3]: 
/**/conn0.commit();
2022-05-08 20:32:10 jdbc[3]: 
/*SQL */COMMIT;



Creado {"idObjeto":14,"latitud":10,"longitud":4.746656,"nombre":"nuevoRegistro","objetoEstadoList":[]}



]]></system-out>
  </testcase>
  <testcase name="testEliminar" classname="com.mycompany.baches.resources.ObjetoResourceIT" time="0.277">
    <system-out><![CDATA[


Eliminar TipoObjeto
2022-05-08 20:32:10 jdbc[3]: 
/**/conn0.getClientInfo();
2022-05-08 20:32:10 jdbc[3]: 
/**/conn0.setAutoCommit(false);
2022-05-08 20:32:10 jdbc[3]: 
/**/PreparedStatement prep148 = conn0.prepareStatement("DELETE FROM public.objeto WHERE (id_objeto = ?)", 1003, 1007);
2022-05-08 20:32:10 jdbc[3]: Table      :     potential plan item cost 10,340 index PUBLIC.OBJETO.tableScan
2022-05-08 20:32:10 jdbc[3]: Table      :     potential plan item cost 230 index PUBLIC.PRIMARY_KEY_8
2022-05-08 20:32:10 jdbc[3]: Table      :     potential plan item cost 10,160 index PUBLIC.FK_OBJETO_ID_TIPO_OBJETO_INDEX_8
2022-05-08 20:32:10 jdbc[3]: 
/**/prep148.setLong(1, 3L);
2022-05-08 20:32:10 jdbc[3]: 
/**/prep148.executeUpdate();
2022-05-08 20:32:10 lock: 3 shared read lock requesting for OBJETO 
2022-05-08 20:32:10 lock: 3 shared read lock ok OBJETO 
2022-05-08 20:32:10 jdbc[3]: 
/*SQL l:47 #:1*/DELETE FROM public.objeto WHERE (id_objeto = ?) {1: 3};
2022-05-08 20:32:10 jdbc[3]: 
/**/prep148.close();
2022-05-08 20:32:10 jdbc[3]: 
/**/conn0.setClientInfo(properties);
2022-05-08 20:32:10 jdbc[3]: 
/**/conn0.commit();
2022-05-08 20:32:10 lock: 3 shared read lock unlock OBJETO 
2022-05-08 20:32:10 jdbc[3]: 
/*SQL */COMMIT;
2022-05-08 20:32:10 jdbc[3]: 
/**/conn0.setAutoCommit(true);
2022-05-08 20:32:10 jdbc[3]: 
/**/conn0.commit();
2022-05-08 20:32:10 jdbc[3]: 
/*SQL */COMMIT;



ID:3 eliminado con exito



]]></system-out>
  </testcase>
  <testcase name="testContar" classname="com.mycompany.baches.resources.ObjetoResourceIT" time="0.173">
    <system-out><![CDATA[

*************************************************************
Contar
2022-05-08 20:32:10 jdbc[3]: 
/**/conn0.getClientInfo();
2022-05-08 20:32:10 jdbc[3]: 
/**/PreparedStatement prep149 = conn0.prepareStatement("SELECT COUNT(id_objeto) FROM public.objeto", 1003, 1007);
2022-05-08 20:32:10 jdbc[3]: 
/**/ResultSet rs60 = prep149.executeQuery();
2022-05-08 20:32:10 jdbc[3]: 
/*SQL #:1*/SELECT COUNT(id_objeto) FROM public.objeto;
2022-05-08 20:32:10 jdbc[3]: 
/**/ResultSetMetaData rsMeta75 = rs60.getMetaData();
2022-05-08 20:32:10 jdbc[3]: 
/**/conn0.getCatalog();
2022-05-08 20:32:10 jdbc[3]: 
/**/rsMeta75.getColumnCount();
2022-05-08 20:32:10 jdbc[3]: 
/**/rs60.next();
2022-05-08 20:32:10 jdbc[3]: 
/**/rsMeta75.getColumnType(1);
2022-05-08 20:32:10 jdbc[3]: 
/**/rs60.getLong(1);
2022-05-08 20:32:10 jdbc[3]: 
/**/rs60.next();
2022-05-08 20:32:10 jdbc[3]: 
/**/rs60.close();
2022-05-08 20:32:10 jdbc[3]: 
/**/prep149.close();
2022-05-08 20:32:10 jdbc[3]: 
/**/conn0.setClientInfo(properties);
Se encontraron 13
]]></system-out>
  </testcase>
</testsuite>