<?xml version="1.0" encoding="UTF-8"?>
<testsuite xmlns:xsi="http://www.w3.org/2001/XMLSchema-instance" xsi:noNamespaceSchemaLocation="https://maven.apache.org/surefire/maven-failsafe-plugin/xsd/failsafe-test-report-3.0.xsd" version="3.0" name="com.mycompany.baches.control.TipoObjetoIT" time="0.003" tests="1" errors="1" skipped="0" failures="0">
  <properties>
    <property name="env.KDE_SESSION_VERSION" value="5"/>
    <property name="awt.toolkit" value="sun.awt.X11.XToolkit"/>
    <property name="java.specification.version" value="11"/>
    <property name="env.GTK_RC_FILES" value="/etc/gtk/gtkrc:/home/crisagui/.gtkrc:/home/crisagui/.config/gtkrc"/>
    <property name="arquillian.launch" value="payara-embedded-all"/>
    <property name="sun.cpu.isalist" value=""/>
    <property name="sun.jnu.encoding" value="UTF-8"/>
    <property name="sun.arch.data.model" value="64"/>
    <property name="java.vendor.url" value="https://tracker.debian.org/openjdk-11"/>
    <property name="sun.boot.library.path" value="/usr/lib/jvm/java-11-openjdk-amd64/lib"/>
    <property name="sun.java.command" value="/home/crisagui/NetBeansProjects/Baches/target/surefire/surefirebooter5809423353432073016.jar /home/crisagui/NetBeansProjects/Baches/target/surefire 2022-03-24T13-17-09_114-jvmRun1 surefire12724709277114038344tmp surefire_012732151058772537099tmp"/>
    <property name="jdk.debug" value="release"/>
    <property name="env.SSH_AGENT_PID" value="975"/>
    <property name="java.specification.vendor" value="Oracle Corporation"/>
    <property name="java.version.date" value="2022-01-18"/>
    <property name="env.JAVA_HOME" value="/usr/lib/jvm/java-11-openjdk-amd64"/>
    <property name="java.home" value="/usr/lib/jvm/java-11-openjdk-amd64"/>
    <property name="env.J2D_PIXMAPS" value="shared"/>
    <property name="file.separator" value="/"/>
    <property name="basedir" value="/home/crisagui/NetBeansProjects/Baches"/>
    <property name="java.vm.compressedOopsMode" value="32-bit"/>
    <property name="line.separator" value="&#10;"/>
    <property name="java.specification.name" value="Java Platform API Specification"/>
    <property name="java.vm.specification.vendor" value="Oracle Corporation"/>
    <property name="sun.management.compiler" value="HotSpot 64-Bit Tiered Compilers"/>
    <property name="java.runtime.version" value="11.0.14+9-post-Debian-1deb11u1"/>
    <property name="env.XDG_SESSION_PATH" value="/org/freedesktop/DisplayManager/Session1"/>
    <property name="user.name" value="crisagui"/>
    <property name="env.PATH" value="/usr/local/bin:/usr/bin:/bin:/usr/local/games:/usr/games"/>
    <property name="env.NB_EXEC_MAVEN_PROCESS_UUID" value="490edcbe-033a-40c5-8a4f-98fabc9c7424"/>
    <property name="env.LOGNAME" value="crisagui"/>
    <property name="env.XDG_SEAT" value="seat0"/>
    <property name="file.encoding" value="UTF-8"/>
    <property name="env.XDG_VTNR" value="7"/>
    <property name="env._" value="/usr/lib/jvm/java-11-openjdk-amd64/bin/java"/>
    <property name="env.SHLVL" value="0"/>
    <property name="env.XDG_SESSION_DESKTOP" value="KDE"/>
    <property name="localRepository" value="/home/crisagui/.m2/repository"/>
    <property name="env.XCURSOR_THEME" value="breeze_cursors"/>
    <property name="java.io.tmpdir" value="/tmp"/>
    <property name="env.XCURSOR_SIZE" value="24"/>
    <property name="java.version" value="11.0.14"/>
    <property name="env.SSH_AUTH_SOCK" value="/tmp/ssh-H69LgGI2paGt/agent.927"/>
    <property name="env.XDG_RUNTIME_DIR" value="/run/user/1000"/>
    <property name="java.vm.specification.name" value="Java Virtual Machine Specification"/>
    <property name="java.awt.printerjob" value="sun.print.PSPrinterJob"/>
    <property name="sun.os.patch.level" value="unknown"/>
    <property name="env.KDE_FULL_SESSION" value="true"/>
    <property name="java.library.path" value="/usr/java/packages/lib:/usr/lib/x86_64-linux-gnu/jni:/lib/x86_64-linux-gnu:/usr/lib/x86_64-linux-gnu:/usr/lib/jni:/lib:/usr/lib"/>
    <property name="java.vendor" value="Debian"/>
    <property name="env.XDG_SESSION_TYPE" value="x11"/>
    <property name="sun.io.unicode.encoding" value="UnicodeLittle"/>
    <property name="env.XDG_SESSION_CLASS" value="user"/>
    <property name="env.XAUTHORITY" value="/home/crisagui/.Xauthority"/>
    <property name="env.OLDPWD" value="/home/crisagui/NetBeansProjects/Baches"/>
    <property name="env.PWD" value="/home/crisagui/NetBeansProjects/Baches"/>
    <property name="env.LANG" value="es_SV.UTF-8"/>
    <property name="env.SESSION_MANAGER" value="local/Notebook:@/tmp/.ICE-unix/1089,unix/Notebook:/tmp/.ICE-unix/1089"/>
    <property name="java.class.path" value="/home/crisagui/NetBeansProjects/Baches/target/test-classes:/home/crisagui/NetBeansProjects/Baches/target/classes:/home/crisagui/.m2/repository/org/junit/jupiter/junit-jupiter-api/5.6.0/junit-jupiter-api-5.6.0.jar:/home/crisagui/.m2/repository/org/apiguardian/apiguardian-api/1.1.0/apiguardian-api-1.1.0.jar:/home/crisagui/.m2/repository/org/opentest4j/opentest4j/1.2.0/opentest4j-1.2.0.jar:/home/crisagui/.m2/repository/org/junit/platform/junit-platform-commons/1.6.0/junit-platform-commons-1.6.0.jar:/home/crisagui/.m2/repository/org/junit/jupiter/junit-jupiter-params/5.6.0/junit-jupiter-params-5.6.0.jar:/home/crisagui/.m2/repository/org/junit/jupiter/junit-jupiter-engine/5.6.0/junit-jupiter-engine-5.6.0.jar:/home/crisagui/.m2/repository/org/junit/platform/junit-platform-engine/1.6.0/junit-platform-engine-1.6.0.jar:/home/crisagui/.m2/repository/javax/javaee-api/8.0/javaee-api-8.0.jar:/home/crisagui/.m2/repository/com/sun/mail/javax.mail/1.6.0/javax.mail-1.6.0.jar:/home/crisagui/.m2/repository/javax/activation/activation/1.1/activation-1.1.jar:/home/crisagui/.m2/repository/org/mockito/mockito-core/3.1.0/mockito-core-3.1.0.jar:/home/crisagui/.m2/repository/net/bytebuddy/byte-buddy/1.9.10/byte-buddy-1.9.10.jar:/home/crisagui/.m2/repository/net/bytebuddy/byte-buddy-agent/1.9.10/byte-buddy-agent-1.9.10.jar:/home/crisagui/.m2/repository/org/objenesis/objenesis/2.6/objenesis-2.6.jar:/home/crisagui/.m2/repository/org/jboss/arquillian/junit5/arquillian-junit5-container/1.7.0.Alpha10/arquillian-junit5-container-1.7.0.Alpha10.jar:/home/crisagui/.m2/repository/org/jboss/arquillian/test/arquillian-test-api/1.7.0.Alpha10/arquillian-test-api-1.7.0.Alpha10.jar:/home/crisagui/.m2/repository/org/jboss/arquillian/core/arquillian-core-api/1.7.0.Alpha10/arquillian-core-api-1.7.0.Alpha10.jar:/home/crisagui/.m2/repository/org/jboss/arquillian/test/arquillian-test-spi/1.7.0.Alpha10/arquillian-test-spi-1.7.0.Alpha10.jar:/home/crisagui/.m2/repository/org/jboss/arquillian/core/arquillian-core-spi/1.7.0.Alpha10/arquillian-core-spi-1.7.0.Alpha10.jar:/home/crisagui/.m2/repository/org/jboss/arquillian/container/arquillian-container-test-api/1.7.0.Alpha10/arquillian-container-test-api-1.7.0.Alpha10.jar:/home/crisagui/.m2/repository/org/jboss/shrinkwrap/shrinkwrap-api/1.2.6/shrinkwrap-api-1.2.6.jar:/home/crisagui/.m2/repository/org/jboss/shrinkwrap/descriptors/shrinkwrap-descriptors-api-base/2.0.0/shrinkwrap-descriptors-api-base-2.0.0.jar:/home/crisagui/.m2/repository/org/jboss/arquillian/container/arquillian-container-test-spi/1.7.0.Alpha10/arquillian-container-test-spi-1.7.0.Alpha10.jar:/home/crisagui/.m2/repository/org/jboss/arquillian/container/arquillian-container-spi/1.7.0.Alpha10/arquillian-container-spi-1.7.0.Alpha10.jar:/home/crisagui/.m2/repository/org/jboss/arquillian/core/arquillian-core-impl-base/1.7.0.Alpha10/arquillian-core-impl-base-1.7.0.Alpha10.jar:/home/crisagui/.m2/repository/org/jboss/arquillian/test/arquillian-test-impl-base/1.7.0.Alpha10/arquillian-test-impl-base-1.7.0.Alpha10.jar:/home/crisagui/.m2/repository/org/jboss/arquillian/container/arquillian-container-impl-base/1.7.0.Alpha10/arquillian-container-impl-base-1.7.0.Alpha10.jar:/home/crisagui/.m2/repository/org/jboss/arquillian/config/arquillian-config-api/1.7.0.Alpha10/arquillian-config-api-1.7.0.Alpha10.jar:/home/crisagui/.m2/repository/org/jboss/arquillian/config/arquillian-config-impl-base/1.7.0.Alpha10/arquillian-config-impl-base-1.7.0.Alpha10.jar:/home/crisagui/.m2/repository/org/jboss/arquillian/config/arquillian-config-spi/1.7.0.Alpha10/arquillian-config-spi-1.7.0.Alpha10.jar:/home/crisagui/.m2/repository/org/jboss/shrinkwrap/descriptors/shrinkwrap-descriptors-spi/2.0.0/shrinkwrap-descriptors-spi-2.0.0.jar:/home/crisagui/.m2/repository/org/jboss/arquillian/container/arquillian-container-test-impl-base/1.7.0.Alpha10/arquillian-container-test-impl-base-1.7.0.Alpha10.jar:/home/crisagui/.m2/repository/org/jboss/arquillian/junit5/arquillian-junit5-core/1.7.0.Alpha10/arquillian-junit5-core-1.7.0.Alpha10.jar:/home/crisagui/.m2/repository/org/jboss/shrinkwrap/shrinkwrap-impl-base/1.2.6/shrinkwrap-impl-base-1.2.6.jar:/home/crisagui/.m2/repository/org/jboss/shrinkwrap/shrinkwrap-spi/1.2.6/shrinkwrap-spi-1.2.6.jar:/home/crisagui/.m2/repository/fish/payara/extras/payara-embedded-all/5.2022.1/payara-embedded-all-5.2022.1.jar:"/>
    <property name="env.HOME" value="/home/crisagui"/>
    <property name="env.PAM_KWALLET5_LOGIN" value="/run/user/1000/kwallet5.socket"/>
    <property name="java.vm.vendor" value="Debian"/>
    <property name="user.timezone" value=""/>
    <property name="os.name" value="Linux"/>
    <property name="java.vm.specification.version" value="11"/>
    <property name="env.DISPLAY" value=":0"/>
    <property name="sun.java.launcher" value="SUN_STANDARD"/>
    <property name="user.country" value="SV"/>
    <property name="env.QT_ACCESSIBILITY" value="1"/>
    <property name="surefire.test.class.path" value="/home/crisagui/NetBeansProjects/Baches/target/test-classes:/home/crisagui/NetBeansProjects/Baches/target/classes:/home/crisagui/.m2/repository/org/junit/jupiter/junit-jupiter-api/5.6.0/junit-jupiter-api-5.6.0.jar:/home/crisagui/.m2/repository/org/apiguardian/apiguardian-api/1.1.0/apiguardian-api-1.1.0.jar:/home/crisagui/.m2/repository/org/opentest4j/opentest4j/1.2.0/opentest4j-1.2.0.jar:/home/crisagui/.m2/repository/org/junit/platform/junit-platform-commons/1.6.0/junit-platform-commons-1.6.0.jar:/home/crisagui/.m2/repository/org/junit/jupiter/junit-jupiter-params/5.6.0/junit-jupiter-params-5.6.0.jar:/home/crisagui/.m2/repository/org/junit/jupiter/junit-jupiter-engine/5.6.0/junit-jupiter-engine-5.6.0.jar:/home/crisagui/.m2/repository/org/junit/platform/junit-platform-engine/1.6.0/junit-platform-engine-1.6.0.jar:/home/crisagui/.m2/repository/javax/javaee-api/8.0/javaee-api-8.0.jar:/home/crisagui/.m2/repository/com/sun/mail/javax.mail/1.6.0/javax.mail-1.6.0.jar:/home/crisagui/.m2/repository/javax/activation/activation/1.1/activation-1.1.jar:/home/crisagui/.m2/repository/org/mockito/mockito-core/3.1.0/mockito-core-3.1.0.jar:/home/crisagui/.m2/repository/net/bytebuddy/byte-buddy/1.9.10/byte-buddy-1.9.10.jar:/home/crisagui/.m2/repository/net/bytebuddy/byte-buddy-agent/1.9.10/byte-buddy-agent-1.9.10.jar:/home/crisagui/.m2/repository/org/objenesis/objenesis/2.6/objenesis-2.6.jar:/home/crisagui/.m2/repository/org/jboss/arquillian/junit5/arquillian-junit5-container/1.7.0.Alpha10/arquillian-junit5-container-1.7.0.Alpha10.jar:/home/crisagui/.m2/repository/org/jboss/arquillian/test/arquillian-test-api/1.7.0.Alpha10/arquillian-test-api-1.7.0.Alpha10.jar:/home/crisagui/.m2/repository/org/jboss/arquillian/core/arquillian-core-api/1.7.0.Alpha10/arquillian-core-api-1.7.0.Alpha10.jar:/home/crisagui/.m2/repository/org/jboss/arquillian/test/arquillian-test-spi/1.7.0.Alpha10/arquillian-test-spi-1.7.0.Alpha10.jar:/home/crisagui/.m2/repository/org/jboss/arquillian/core/arquillian-core-spi/1.7.0.Alpha10/arquillian-core-spi-1.7.0.Alpha10.jar:/home/crisagui/.m2/repository/org/jboss/arquillian/container/arquillian-container-test-api/1.7.0.Alpha10/arquillian-container-test-api-1.7.0.Alpha10.jar:/home/crisagui/.m2/repository/org/jboss/shrinkwrap/shrinkwrap-api/1.2.6/shrinkwrap-api-1.2.6.jar:/home/crisagui/.m2/repository/org/jboss/shrinkwrap/descriptors/shrinkwrap-descriptors-api-base/2.0.0/shrinkwrap-descriptors-api-base-2.0.0.jar:/home/crisagui/.m2/repository/org/jboss/arquillian/container/arquillian-container-test-spi/1.7.0.Alpha10/arquillian-container-test-spi-1.7.0.Alpha10.jar:/home/crisagui/.m2/repository/org/jboss/arquillian/container/arquillian-container-spi/1.7.0.Alpha10/arquillian-container-spi-1.7.0.Alpha10.jar:/home/crisagui/.m2/repository/org/jboss/arquillian/core/arquillian-core-impl-base/1.7.0.Alpha10/arquillian-core-impl-base-1.7.0.Alpha10.jar:/home/crisagui/.m2/repository/org/jboss/arquillian/test/arquillian-test-impl-base/1.7.0.Alpha10/arquillian-test-impl-base-1.7.0.Alpha10.jar:/home/crisagui/.m2/repository/org/jboss/arquillian/container/arquillian-container-impl-base/1.7.0.Alpha10/arquillian-container-impl-base-1.7.0.Alpha10.jar:/home/crisagui/.m2/repository/org/jboss/arquillian/config/arquillian-config-api/1.7.0.Alpha10/arquillian-config-api-1.7.0.Alpha10.jar:/home/crisagui/.m2/repository/org/jboss/arquillian/config/arquillian-config-impl-base/1.7.0.Alpha10/arquillian-config-impl-base-1.7.0.Alpha10.jar:/home/crisagui/.m2/repository/org/jboss/arquillian/config/arquillian-config-spi/1.7.0.Alpha10/arquillian-config-spi-1.7.0.Alpha10.jar:/home/crisagui/.m2/repository/org/jboss/shrinkwrap/descriptors/shrinkwrap-descriptors-spi/2.0.0/shrinkwrap-descriptors-spi-2.0.0.jar:/home/crisagui/.m2/repository/org/jboss/arquillian/container/arquillian-container-test-impl-base/1.7.0.Alpha10/arquillian-container-test-impl-base-1.7.0.Alpha10.jar:/home/crisagui/.m2/repository/org/jboss/arquillian/junit5/arquillian-junit5-core/1.7.0.Alpha10/arquillian-junit5-core-1.7.0.Alpha10.jar:/home/crisagui/.m2/repository/org/jboss/shrinkwrap/shrinkwrap-impl-base/1.2.6/shrinkwrap-impl-base-1.2.6.jar:/home/crisagui/.m2/repository/org/jboss/shrinkwrap/shrinkwrap-spi/1.2.6/shrinkwrap-spi-1.2.6.jar:/home/crisagui/.m2/repository/fish/payara/extras/payara-embedded-all/5.2022.1/payara-embedded-all-5.2022.1.jar:"/>
    <property name="sun.cpu.endian" value="little"/>
    <property name="user.home" value="/home/crisagui"/>
    <property name="user.language" value="es"/>
    <property name="env.GPG_AGENT_INFO" value="/run/user/1000/gnupg/S.gpg-agent:0:1"/>
    <property name="env.NB_DESKTOP_STARTUP_ID" value="Notebook;1648142412;437653;1107_TIME18569104"/>
    <property name="java.awt.graphicsenv" value="sun.awt.X11GraphicsEnvironment"/>
    <property name="surefire.real.class.path" value="/home/crisagui/NetBeansProjects/Baches/target/surefire/surefirebooter5809423353432073016.jar"/>
    <property name="env.LANGUAGE" value="es_SV:es"/>
    <property name="env.DBUS_SESSION_BUS_ADDRESS" value="unix:path=/run/user/1000/bus"/>
    <property name="path.separator" value=":"/>
    <property name="os.version" value="5.16.14"/>
    <property name="java.runtime.name" value="OpenJDK Runtime Environment"/>
    <property name="env.XDG_SESSION_ID" value="5"/>
    <property name="java.vm.name" value="OpenJDK 64-Bit Server VM"/>
    <property name="env.KDE_SESSION_UID" value="1000"/>
    <property name="env.KDE_APPLICATIONS_AS_SCOPE" value="1"/>
    <property name="env.SHELL" value="/bin/bash"/>
    <property name="maven.ext.class.path" value="/home/crisagui/netbeans-12.6/netbeans/java/maven-nblib/netbeans-eventspy.jar"/>
    <property name="env.XDG_SEAT_PATH" value="/org/freedesktop/DisplayManager/Seat0"/>
    <property name="env.GTK_MODULES" value="gail:atk-bridge"/>
    <property name="env.MAVEN_CMD_LINE_ARGS" value=" -Dmaven.ext.class.path=/home/crisagui/netbeans-12.6/netbeans/java/maven-nblib/netbeans-eventspy.jar clean install"/>
    <property name="java.vendor.url.bug" value="https://bugs.debian.org/openjdk-11"/>
    <property name="env.M2_HOME" value="/home/crisagui/netbeans-12.6/netbeans/java/maven"/>
    <property name="user.dir" value="/home/crisagui/NetBeansProjects/Baches"/>
    <property name="os.arch" value="amd64"/>
    <property name="env.DESKTOP_SESSION" value="plasma"/>
    <property name="env.XDG_CURRENT_DESKTOP" value="KDE"/>
    <property name="env.MAVEN_PROJECTBASEDIR" value="/home/crisagui/NetBeansProjects/Baches"/>
    <property name="java.vm.info" value="mixed mode, sharing"/>
    <property name="java.vm.version" value="11.0.14+9-post-Debian-1deb11u1"/>
    <property name="env.GTK2_RC_FILES" value="/etc/gtk-2.0/gtkrc:/home/crisagui/.gtkrc-2.0:/home/crisagui/.config/gtkrc-2.0"/>
    <property name="java.class.version" value="55.0"/>
    <property name="env.USER" value="crisagui"/>
    <property name="env.QT_AUTO_SCREEN_SCALE_FACTOR" value="0"/>
  </properties>
  <testcase name="" classname="com.mycompany.baches.control.TipoObjetoIT" time="0.003">
    <error type="java.lang.RuntimeException"><![CDATA[java.lang.RuntimeException: Arquillian initialization has already been attempted, but failed. See previous exceptions for cause
Caused by: java.lang.RuntimeException: Could not create new instance of class org.jboss.arquillian.test.impl.EventTestRunnerAdaptor
Caused by: java.lang.reflect.InvocationTargetException
Caused by: org.jboss.arquillian.container.impl.ContainerCreationException: Could not create Container payara-embedded-all
Caused by: java.lang.IllegalArgumentException: DeployableContainer must be specified
]]></error>
  </testcase>
</testsuite>